{"done": 5, "n": 100, "em": 0.2, "f1": 0.2, "avg_tokens": 9795.8, "wall_s": 87.2}
{"done": 10, "n": 100, "em": 0.2, "f1": 0.2, "avg_tokens": 10969.8, "wall_s": 111.1}
{"done": 15, "n": 100, "em": 0.2, "f1": 0.2524, "avg_tokens": 11278.5, "wall_s": 157.3}
{"done": 20, "n": 100, "em": 0.15, "f1": 0.2426, "avg_tokens": 12075.6, "wall_s": 187.3}
{"done": 25, "n": 100, "em": 0.16, "f1": 0.2641, "avg_tokens": 14488.8, "wall_s": 220.5}
{"done": 30, "n": 100, "em": 0.1333, "f1": 0.2867, "avg_tokens": 14592.6, "wall_s": 281.9}
{"done": 35, "n": 100, "em": 0.1143, "f1": 0.2768, "avg_tokens": 14400.9, "wall_s": 366.3}
{"done": 40, "n": 100, "em": 0.1, "f1": 0.2467, "avg_tokens": 16083.8, "wall_s": 451.0}
{"done": 45, "n": 100, "em": 0.1111, "f1": 0.2527, "avg_tokens": 17193.9, "wall_s": 568.9}
{"done": 50, "n": 100, "em": 0.1, "f1": 0.2532, "avg_tokens": 18710.4, "wall_s": 679.6}
{"done": 55, "n": 100, "em": 0.1091, "f1": 0.2733, "avg_tokens": 18730.2, "wall_s": 785.4}
{"done": 60, "n": 100, "em": 0.1167, "f1": 0.2739, "avg_tokens": 18506.0, "wall_s": 903.2}
{"done": 65, "n": 100, "em": 0.1077, "f1": 0.2605, "avg_tokens": 20052.5, "wall_s": 1035.6}
{"done": 70, "n": 100, "em": 0.1286, "f1": 0.2705, "avg_tokens": 21956.7, "wall_s": 1109.0}
{"done": 75, "n": 100, "em": 0.1333, "f1": 0.278, "avg_tokens": 25227.1, "wall_s": 1193.3}
{"done": 80, "n": 100, "em": 0.15, "f1": 0.2866, "avg_tokens": 28381.1, "wall_s": 1293.5}
{"done": 85, "n": 100, "em": 0.1412, "f1": 0.2737, "avg_tokens": 29322.4, "wall_s": 1391.4}
{"done": 90, "n": 100, "em": 0.1333, "f1": 0.2585, "avg_tokens": 33566.4, "wall_s": 1477.5}
{"done": 95, "n": 100, "em": 0.1368, "f1": 0.2638, "avg_tokens": 34194.3, "wall_s": 1519.8}
{"done": 100, "n": 100, "em": 0.13, "f1": 0.2506, "avg_tokens": 40798.8, "wall_s": 1860.3}

SUMMARY: {
  "n": 100,
  "em": 0.13,
  "f1": 0.2506,
  "acc": 0.19,
  "avg_tokens": 40798.8,
  "avg_rounds": 2.36,
  "avg_wall_s": 299.89,
  "wall_clock_s": 1860.31,
  "error_count": 0,
  "config": {
    "width": 4,
    "max_depth": 8,
    "topk": 6,
    "concurrency": 20
  }
}
