{"done": 6, "n": 125, "em": 0.1667, "f1": 0.4959, "avg_tokens": 9067.3, "wall_s": 129.8}
{"done": 12, "n": 125, "em": 0.25, "f1": 0.5535, "avg_tokens": 7002.7, "wall_s": 188.0}
{"done": 18, "n": 125, "em": 0.4444, "f1": 0.6468, "avg_tokens": 6931.8, "wall_s": 277.1}
{"done": 24, "n": 125, "em": 0.375, "f1": 0.5323, "avg_tokens": 6826.9, "wall_s": 375.8}
{"done": 30, "n": 125, "em": 0.3667, "f1": 0.5147, "avg_tokens": 6535.4, "wall_s": 484.2}
{"done": 36, "n": 125, "em": 0.4167, "f1": 0.5762, "avg_tokens": 6550.1, "wall_s": 586.1}
{"done": 42, "n": 125, "em": 0.4286, "f1": 0.5891, "avg_tokens": 6338.1, "wall_s": 798.8}
{"done": 48, "n": 125, "em": 0.4375, "f1": 0.6231, "avg_tokens": 9411.8, "wall_s": 1244.4}
{"done": 54, "n": 125, "em": 0.4444, "f1": 0.6094, "avg_tokens": 12009.9, "wall_s": 1313.1}
{"done": 60, "n": 125, "em": 0.4333, "f1": 0.5985, "avg_tokens": 11614.5, "wall_s": 1444.3}
{"done": 66, "n": 125, "em": 0.4242, "f1": 0.592, "avg_tokens": 11305.9, "wall_s": 1530.7}
{"done": 72, "n": 125, "em": 0.4028, "f1": 0.5872, "avg_tokens": 11450.9, "wall_s": 1972.0}
{"done": 78, "n": 125, "em": 0.3846, "f1": 0.5548, "avg_tokens": 14321.0, "wall_s": 2226.4}
{"done": 84, "n": 125, "em": 0.4048, "f1": 0.5688, "avg_tokens": 14040.7, "wall_s": 2435.3}
{"done": 90, "n": 125, "em": 0.4, "f1": 0.5553, "avg_tokens": 13462.7, "wall_s": 2582.0}
{"done": 96, "n": 125, "em": 0.3958, "f1": 0.564, "avg_tokens": 14027.7, "wall_s": 2931.7}
{"done": 102, "n": 125, "em": 0.3922, "f1": 0.5553, "avg_tokens": 14371.5, "wall_s": 3047.8}
{"done": 108, "n": 125, "em": 0.3796, "f1": 0.5337, "avg_tokens": 14772.4, "wall_s": 3174.8}
{"done": 114, "n": 125, "em": 0.3947, "f1": 0.5407, "avg_tokens": 14451.6, "wall_s": 3344.2}
{"done": 120, "n": 125, "em": 0.4083, "f1": 0.5526, "avg_tokens": 13983.7, "wall_s": 3535.1}
{"done": 125, "n": 125, "em": 0.4, "f1": 0.5385, "avg_tokens": 15525.4, "wall_s": 4027.3}

SUMMARY: {
  "n": 125,
  "em": 0.4,
  "f1": 0.5385,
  "acc": 0.456,
  "avg_tokens": 15525.4,
  "avg_rounds": 1.92,
  "avg_wall_s": 121.74,
  "wall_clock_s": 4027.27,
  "error_count": 0,
  "config": {
    "width": 2,
    "max_depth": 8,
    "topk": 6,
    "concurrency": 4
  }
}
