{"done": 5, "n": 100, "em": 0.2, "f1": 0.34, "avg_tokens": 9908.6, "wall_s": 59.1}
{"done": 10, "n": 100, "em": 0.2, "f1": 0.3033, "avg_tokens": 10706.7, "wall_s": 88.3}
{"done": 15, "n": 100, "em": 0.3333, "f1": 0.4556, "avg_tokens": 10782.4, "wall_s": 135.4}
{"done": 20, "n": 100, "em": 0.3, "f1": 0.4167, "avg_tokens": 10568.0, "wall_s": 169.9}
{"done": 25, "n": 100, "em": 0.36, "f1": 0.4533, "avg_tokens": 12735.3, "wall_s": 207.5}
{"done": 30, "n": 100, "em": 0.3667, "f1": 0.4778, "avg_tokens": 12464.1, "wall_s": 251.8}
{"done": 35, "n": 100, "em": 0.3714, "f1": 0.4952, "avg_tokens": 12243.0, "wall_s": 315.6}
{"done": 40, "n": 100, "em": 0.375, "f1": 0.5045, "avg_tokens": 11991.4, "wall_s": 387.0}
{"done": 45, "n": 100, "em": 0.3778, "f1": 0.5152, "avg_tokens": 11938.3, "wall_s": 454.5}
{"done": 50, "n": 100, "em": 0.4, "f1": 0.5236, "avg_tokens": 13459.4, "wall_s": 495.4}
{"done": 55, "n": 100, "em": 0.3818, "f1": 0.5106, "avg_tokens": 15777.5, "wall_s": 940.2}
{"done": 60, "n": 100, "em": 0.3667, "f1": 0.4847, "avg_tokens": 23467.5, "wall_s": 1113.4}
{"done": 65, "n": 100, "em": 0.3846, "f1": 0.4936, "avg_tokens": 25361.4, "wall_s": 1174.7}
{"done": 70, "n": 100, "em": 0.3857, "f1": 0.4905, "avg_tokens": 24284.7, "wall_s": 1266.6}
{"done": 75, "n": 100, "em": 0.3867, "f1": 0.4933, "avg_tokens": 27835.7, "wall_s": 1314.1}
{"done": 80, "n": 100, "em": 0.3875, "f1": 0.4975, "avg_tokens": 28902.3, "wall_s": 1361.1}
{"done": 85, "n": 100, "em": 0.3882, "f1": 0.4917, "avg_tokens": 29685.4, "wall_s": 1422.6}
{"done": 90, "n": 100, "em": 0.4, "f1": 0.5044, "avg_tokens": 28649.3, "wall_s": 1473.2}
{"done": 95, "n": 100, "em": 0.4, "f1": 0.5095, "avg_tokens": 29541.1, "wall_s": 1510.2}
{"done": 100, "n": 100, "em": 0.39, "f1": 0.499, "avg_tokens": 32328.1, "wall_s": 2182.1}

SUMMARY: {
  "n": 100,
  "em": 0.39,
  "f1": 0.499,
  "acc": 0.46,
  "avg_tokens": 32328.1,
  "avg_rounds": 1.99,
  "avg_wall_s": 164.34,
  "wall_clock_s": 2182.07,
  "error_count": 0,
  "config": {
    "width": 4,
    "max_depth": 8,
    "topk": 6,
    "concurrency": 10
  }
}
