{
  "runs": {
    "adaptive": {
      "n": 125,
      "em": 0.264,
      "f1": 0.4155,
      "mean_tokens": 5163.3,
      "easy_route_fraction": 0.176,
      "easy_route_em": 0.2273,
      "easy_route_mean_tokens": 2519.1,
      "profiles": {
        "bridge_2hop": {
          "n": 52,
          "em": 0.2885,
          "mean_tokens": 5475.6,
          "easy_route_fraction": 0.1731
        },
        "bridge_3hop_plus": {
          "n": 9,
          "em": 0.4444,
          "mean_tokens": 6439.4,
          "easy_route_fraction": 0.2222
        },
        "numeric": {
          "n": 7,
          "em": 0.4286,
          "mean_tokens": 5517.0,
          "easy_route_fraction": 0.0
        },
        "one_hop": {
          "n": 27,
          "em": 0.1111,
          "mean_tokens": 4650.4,
          "easy_route_fraction": 0.037
        },
        "parallel_compare": {
          "n": 2,
          "em": 0.0,
          "mean_tokens": 5314.0,
          "easy_route_fraction": 0.0
        },
        "temporal": {
          "n": 28,
          "em": 0.2857,
          "mean_tokens": 4568.7,
          "easy_route_fraction": 0.3571
        }
      }
    },
    "no_critic": {
      "n": 125,
      "em": 0.264,
      "f1": 0.4155,
      "mean_tokens": 4746.2,
      "easy_route_fraction": 0.176,
      "easy_route_em": 0.2273,
      "easy_route_mean_tokens": 2520.5,
      "profiles": {
        "bridge_2hop": {
          "n": 52,
          "em": 0.2885,
          "mean_tokens": 5097.0,
          "easy_route_fraction": 0.1731
        },
        "bridge_3hop_plus": {
          "n": 9,
          "em": 0.4444,
          "mean_tokens": 6225.1,
          "easy_route_fraction": 0.2222
        },
        "numeric": {
          "n": 7,
          "em": 0.4286,
          "mean_tokens": 4937.3,
          "easy_route_fraction": 0.0
        },
        "one_hop": {
          "n": 27,
          "em": 0.1111,
          "mean_tokens": 4103.4,
          "easy_route_fraction": 0.037
        },
        "parallel_compare": {
          "n": 2,
          "em": 0.0,
          "mean_tokens": 4720.5,
          "easy_route_fraction": 0.0
        },
        "temporal": {
          "n": 28,
          "em": 0.2857,
          "mean_tokens": 4193.5,
          "easy_route_fraction": 0.3571
        }
      }
    },
    "random": {
      "n": 125,
      "em": 0.272,
      "f1": 0.4351,
      "mean_tokens": 4535.9,
      "easy_route_fraction": 0.2,
      "easy_route_em": 0.04,
      "easy_route_mean_tokens": 1514.9,
      "profiles": {
        "bridge_2hop": {
          "n": 52,
          "em": 0.3077,
          "mean_tokens": 4545.6,
          "easy_route_fraction": 0.25
        },
        "bridge_3hop_plus": {
          "n": 9,
          "em": 0.4444,
          "mean_tokens": 5253.8,
          "easy_route_fraction": 0.3333
        },
        "numeric": {
          "n": 7,
          "em": 0.2857,
          "mean_tokens": 3973.1,
          "easy_route_fraction": 0.2857
        },
        "one_hop": {
          "n": 27,
          "em": 0.1111,
          "mean_tokens": 3985.6,
          "easy_route_fraction": 0.1481
        },
        "parallel_compare": {
          "n": 2,
          "em": 0.0,
          "mean_tokens": 4720.5,
          "easy_route_fraction": 0.0
        },
        "temporal": {
          "n": 28,
          "em": 0.3214,
          "mean_tokens": 4945.5,
          "easy_route_fraction": 0.1071
        }
      }
    }
  },
  "comparisons": {
    "adaptive_minus_random": {
      "n": 125,
      "delta_em": -0.008,
      "ci95": [
        -0.064,
        0.04
      ],
      "p_two_sided_approx": 0.867
    },
    "no_critic_minus_random": {
      "n": 125,
      "delta_em": -0.008,
      "ci95": [
        -0.064,
        0.04
      ],
      "p_two_sided_approx": 0.867
    }
  }
}
