{"done": 5, "n": 100, "em": 0.2, "f1": 0.3467, "avg_tokens": 5111.6, "wall_s": 41.0}
{"done": 10, "n": 100, "em": 0.4, "f1": 0.4733, "avg_tokens": 5695.1, "wall_s": 58.9}
{"done": 15, "n": 100, "em": 0.4, "f1": 0.5022, "avg_tokens": 5593.9, "wall_s": 92.7}
{"done": 20, "n": 100, "em": 0.4, "f1": 0.4872, "avg_tokens": 7092.4, "wall_s": 119.1}
{"done": 25, "n": 100, "em": 0.4, "f1": 0.4738, "avg_tokens": 7112.8, "wall_s": 150.6}
{"done": 30, "n": 100, "em": 0.3667, "f1": 0.4615, "avg_tokens": 7002.1, "wall_s": 183.4}
{"done": 35, "n": 100, "em": 0.3714, "f1": 0.486, "avg_tokens": 6766.7, "wall_s": 228.1}
{"done": 40, "n": 100, "em": 0.375, "f1": 0.4961, "avg_tokens": 7263.6, "wall_s": 279.3}
{"done": 45, "n": 100, "em": 0.4, "f1": 0.5225, "avg_tokens": 7344.7, "wall_s": 316.6}
{"done": 50, "n": 100, "em": 0.4, "f1": 0.5138, "avg_tokens": 9008.4, "wall_s": 377.2}
{"done": 55, "n": 100, "em": 0.4182, "f1": 0.5308, "avg_tokens": 9296.5, "wall_s": 548.9}
{"done": 60, "n": 100, "em": 0.4, "f1": 0.5127, "avg_tokens": 11782.1, "wall_s": 672.0}
{"done": 65, "n": 100, "em": 0.3692, "f1": 0.4733, "avg_tokens": 12480.3, "wall_s": 737.3}
{"done": 70, "n": 100, "em": 0.3714, "f1": 0.4716, "avg_tokens": 12240.4, "wall_s": 829.0}
{"done": 75, "n": 100, "em": 0.36, "f1": 0.4731, "avg_tokens": 11863.7, "wall_s": 948.9}
{"done": 80, "n": 100, "em": 0.35, "f1": 0.456, "avg_tokens": 14817.5, "wall_s": 1101.8}
{"done": 85, "n": 100, "em": 0.3647, "f1": 0.4708, "avg_tokens": 17347.7, "wall_s": 1139.9}
{"done": 90, "n": 100, "em": 0.3778, "f1": 0.4884, "avg_tokens": 16685.2, "wall_s": 1197.7}
{"done": 95, "n": 100, "em": 0.3789, "f1": 0.4907, "avg_tokens": 16907.2, "wall_s": 1444.0}
{"done": 100, "n": 100, "em": 0.37, "f1": 0.4762, "avg_tokens": 20434.9, "wall_s": 1831.5}

SUMMARY: {
  "n": 100,
  "em": 0.37,
  "f1": 0.4762,
  "acc": 0.44,
  "avg_tokens": 20434.9,
  "avg_rounds": 2.31,
  "avg_wall_s": 146.57,
  "wall_clock_s": 1831.5,
  "error_count": 0,
  "config": {
    "width": 2,
    "max_depth": 8,
    "topk": 6,
    "concurrency": 10
  }
}
