{"done": 5, "n": 100, "em": 0.2, "f1": 0.2889, "avg_tokens": 3889.2, "wall_s": 48.7}
{"done": 10, "n": 100, "em": 0.5, "f1": 0.5444, "avg_tokens": 3681.8, "wall_s": 110.8}
{"done": 15, "n": 100, "em": 0.4, "f1": 0.4296, "avg_tokens": 4529.4, "wall_s": 165.3}
{"done": 20, "n": 100, "em": 0.35, "f1": 0.3722, "avg_tokens": 5567.5, "wall_s": 185.7}
{"done": 25, "n": 100, "em": 0.32, "f1": 0.3378, "avg_tokens": 5909.1, "wall_s": 207.8}
{"done": 30, "n": 100, "em": 0.3667, "f1": 0.3981, "avg_tokens": 5526.6, "wall_s": 234.7}
{"done": 35, "n": 100, "em": 0.3429, "f1": 0.3698, "avg_tokens": 5690.1, "wall_s": 282.7}
{"done": 40, "n": 100, "em": 0.3, "f1": 0.3236, "avg_tokens": 5641.8, "wall_s": 307.7}
{"done": 45, "n": 100, "em": 0.3111, "f1": 0.3321, "avg_tokens": 5630.5, "wall_s": 383.4}
{"done": 50, "n": 100, "em": 0.32, "f1": 0.3389, "avg_tokens": 6010.3, "wall_s": 399.6}
{"done": 55, "n": 100, "em": 0.3273, "f1": 0.3496, "avg_tokens": 5841.4, "wall_s": 458.5}
{"done": 60, "n": 100, "em": 0.3167, "f1": 0.3372, "avg_tokens": 6055.8, "wall_s": 484.4}
{"done": 65, "n": 100, "em": 0.2923, "f1": 0.3347, "avg_tokens": 5959.8, "wall_s": 536.1}
{"done": 70, "n": 100, "em": 0.2857, "f1": 0.3282, "avg_tokens": 6052.9, "wall_s": 602.6}
{"done": 75, "n": 100, "em": 0.28, "f1": 0.3328, "avg_tokens": 6180.6, "wall_s": 664.0}
{"done": 80, "n": 100, "em": 0.2625, "f1": 0.312, "avg_tokens": 6390.1, "wall_s": 696.9}
{"done": 85, "n": 100, "em": 0.2471, "f1": 0.3089, "avg_tokens": 6422.6, "wall_s": 756.2}
{"done": 90, "n": 100, "em": 0.2667, "f1": 0.3251, "avg_tokens": 6338.4, "wall_s": 832.3}
{"done": 95, "n": 100, "em": 0.2737, "f1": 0.3413, "avg_tokens": 6441.7, "wall_s": 865.9}
{"done": 100, "n": 100, "em": 0.27, "f1": 0.3365, "avg_tokens": 6671.1, "wall_s": 960.2}

SUMMARY: {
  "n": 100,
  "em": 0.27,
  "f1": 0.3365,
  "acc": 0.33,
  "avg_tokens": 6671.1,
  "avg_rounds": 2.68,
  "avg_wall_s": 71.17,
  "wall_clock_s": 960.23,
  "error_count": 0,
  "config": {
    "width": 1,
    "max_depth": 4,
    "topk": 6,
    "concurrency": 8
  }
}
