{"ds": "bamboogle", "done": 25, "n": 125, "em_running": 0.32, "wall_s": 30.4}
{"ds": "bamboogle", "done": 50, "n": 125, "em_running": 0.38, "wall_s": 54.9}
{"ds": "bamboogle", "done": 75, "n": 125, "em_running": 0.3333, "wall_s": 79.1}
{"ds": "bamboogle", "done": 100, "n": 125, "em_running": 0.3, "wall_s": 95.9}
{"ds": "bamboogle", "done": 125, "n": 125, "em_running": 0.376, "wall_s": 115.8}

ALL: {
  "bamboogle": {
    "n": 125,
    "norm_em": 0.392,
    "token_f1": 0.4944,
    "contain": 0.4,
    "mean_quality": 1.7995,
    "mean_efficiency": 0.5667,
    "mean_composite": 1.5132,
    "mean_tokens": 4760.6,
    "mean_elapsed_s": 21.63,
    "mean_nodes": 1.97,
    "route_dist": {
      "hard": 125
    },
    "topology_dist": {
      "dag_n2": 107,
      "dag_n3": 7,
      "single_hop": 11
    },
    "profile_dist": {
      "bridge_2hop": 52,
      "temporal": 28,
      "one_hop": 27,
      "bridge_3hop_plus": 9,
      "parallel_compare": 2,
      "numeric": 7
    },
    "topology_mutated_rate": 0.0,
    "escalation_rate": 0.0,
    "easy_route_fraction": 0.0,
    "easy_route_norm_em": 0.0,
    "easy_route_mean_tokens": 0.0,
    "wall_clock_s": 122.5
  }
}
