{"done": 5, "n": 100, "em": 0.2, "f1": 0.3667, "avg_tokens": 11807.2, "wall_s": 91.8}
{"done": 10, "n": 100, "em": 0.4, "f1": 0.4833, "avg_tokens": 13256.4, "wall_s": 105.9}
{"done": 15, "n": 100, "em": 0.4, "f1": 0.4556, "avg_tokens": 13961.8, "wall_s": 155.2}
{"done": 20, "n": 100, "em": 0.35, "f1": 0.4472, "avg_tokens": 16804.5, "wall_s": 182.0}
{"done": 25, "n": 100, "em": 0.32, "f1": 0.4374, "avg_tokens": 19337.2, "wall_s": 193.4}
{"done": 30, "n": 100, "em": 0.3333, "f1": 0.4547, "avg_tokens": 18887.1, "wall_s": 240.3}
{"done": 35, "n": 100, "em": 0.3143, "f1": 0.441, "avg_tokens": 19917.6, "wall_s": 270.0}
{"done": 40, "n": 100, "em": 0.3, "f1": 0.4392, "avg_tokens": 19285.4, "wall_s": 309.7}
{"done": 45, "n": 100, "em": 0.3556, "f1": 0.4793, "avg_tokens": 19872.4, "wall_s": 354.9}
{"done": 50, "n": 100, "em": 0.36, "f1": 0.4757, "avg_tokens": 19769.1, "wall_s": 399.0}
{"done": 55, "n": 100, "em": 0.3455, "f1": 0.474, "avg_tokens": 19802.7, "wall_s": 481.7}
{"done": 60, "n": 100, "em": 0.3667, "f1": 0.4845, "avg_tokens": 20472.8, "wall_s": 501.9}
{"done": 65, "n": 100, "em": 0.3846, "f1": 0.4968, "avg_tokens": 20784.4, "wall_s": 515.5}
{"done": 70, "n": 100, "em": 0.3857, "f1": 0.5117, "avg_tokens": 21490.0, "wall_s": 549.4}
{"done": 75, "n": 100, "em": 0.3867, "f1": 0.5216, "avg_tokens": 21180.9, "wall_s": 645.7}
{"done": 80, "n": 100, "em": 0.375, "f1": 0.5115, "avg_tokens": 21191.7, "wall_s": 672.3}
{"done": 85, "n": 100, "em": 0.3882, "f1": 0.5167, "avg_tokens": 21322.5, "wall_s": 727.2}
{"done": 90, "n": 100, "em": 0.3889, "f1": 0.5202, "avg_tokens": 21363.6, "wall_s": 756.6}
{"done": 95, "n": 100, "em": 0.3789, "f1": 0.5197, "avg_tokens": 21826.9, "wall_s": 791.0}
{"done": 100, "n": 100, "em": 0.38, "f1": 0.5187, "avg_tokens": 22371.1, "wall_s": 839.4}

SUMMARY: {
  "n": 100,
  "em": 0.38,
  "f1": 0.5187,
  "acc": 0.57,
  "avg_tokens": 22371.1,
  "avg_rounds": 1.59,
  "avg_wall_s": 152.49,
  "wall_clock_s": 839.43,
  "error_count": 0,
  "config": {
    "width": 4,
    "max_depth": 2,
    "topk": 6,
    "concurrency": 20
  }
}
