{"done": 50, "n": 1000, "em": 0.32, "f1": 0.392, "avg_tokens": 18475.0, "wall_s": 516.2}
{"done": 100, "n": 1000, "em": 0.29, "f1": 0.3707, "avg_tokens": 19484.8, "wall_s": 1041.2}
{"done": 150, "n": 1000, "em": 0.3467, "f1": 0.4483, "avg_tokens": 20458.2, "wall_s": 1588.2}
{"done": 200, "n": 1000, "em": 0.37, "f1": 0.4634, "avg_tokens": 21297.6, "wall_s": 2172.7}
{"done": 250, "n": 1000, "em": 0.384, "f1": 0.486, "avg_tokens": 21417.6, "wall_s": 2716.6}
{"done": 300, "n": 1000, "em": 0.39, "f1": 0.4976, "avg_tokens": 21343.0, "wall_s": 3232.8}
{"done": 350, "n": 1000, "em": 0.3857, "f1": 0.4849, "avg_tokens": 21259.7, "wall_s": 3728.7}
{"done": 400, "n": 1000, "em": 0.385, "f1": 0.4815, "avg_tokens": 20996.0, "wall_s": 4241.0}
{"done": 450, "n": 1000, "em": 0.3844, "f1": 0.4812, "avg_tokens": 21172.2, "wall_s": 4764.2}
{"done": 500, "n": 1000, "em": 0.378, "f1": 0.4819, "avg_tokens": 21161.3, "wall_s": 5275.0}
{"done": 550, "n": 1000, "em": 0.3782, "f1": 0.4761, "avg_tokens": 21164.0, "wall_s": 5828.2}
{"done": 600, "n": 1000, "em": 0.385, "f1": 0.4822, "avg_tokens": 21140.5, "wall_s": 6356.6}
{"done": 650, "n": 1000, "em": 0.3862, "f1": 0.4843, "avg_tokens": 21104.6, "wall_s": 6870.3}
{"done": 700, "n": 1000, "em": 0.3743, "f1": 0.4687, "avg_tokens": 21109.3, "wall_s": 7397.2}
{"done": 750, "n": 1000, "em": 0.368, "f1": 0.4596, "avg_tokens": 20936.0, "wall_s": 7844.5}
{"done": 800, "n": 1000, "em": 0.3688, "f1": 0.4591, "avg_tokens": 20875.9, "wall_s": 8355.3}
{"done": 850, "n": 1000, "em": 0.3729, "f1": 0.4604, "avg_tokens": 20846.2, "wall_s": 8852.7}
{"done": 900, "n": 1000, "em": 0.3689, "f1": 0.4558, "avg_tokens": 20772.5, "wall_s": 9313.0}
{"done": 950, "n": 1000, "em": 0.3621, "f1": 0.4515, "avg_tokens": 20775.7, "wall_s": 9830.5}
{"done": 1000, "n": 1000, "em": 0.362, "f1": 0.4497, "avg_tokens": 20831.1, "wall_s": 10371.8}

SUMMARY: {
  "n": 1000,
  "em": 0.362,
  "f1": 0.4497,
  "acc": 0.488,
  "avg_tokens": 20831.1,
  "avg_rounds": 1.53,
  "avg_wall_s": 123.49,
  "wall_clock_s": 10371.83,
  "error_count": 2,
  "config": {
    "width": 4,
    "max_depth": 2,
    "topk": 6,
    "concurrency": 12
  }
}
