{"done": 5, "n": 100, "em": 0.2, "f1": 0.3467, "avg_tokens": 5255.6, "wall_s": 41.2}
{"done": 10, "n": 100, "em": 0.4, "f1": 0.4733, "avg_tokens": 5740.2, "wall_s": 60.4}
{"done": 15, "n": 100, "em": 0.4, "f1": 0.5022, "avg_tokens": 5699.1, "wall_s": 83.7}
{"done": 20, "n": 100, "em": 0.45, "f1": 0.5267, "avg_tokens": 6053.8, "wall_s": 111.9}
{"done": 25, "n": 100, "em": 0.4, "f1": 0.4613, "avg_tokens": 7107.7, "wall_s": 158.3}
{"done": 30, "n": 100, "em": 0.3667, "f1": 0.4511, "avg_tokens": 7793.0, "wall_s": 180.0}
{"done": 35, "n": 100, "em": 0.3714, "f1": 0.4724, "avg_tokens": 7457.3, "wall_s": 227.2}
{"done": 40, "n": 100, "em": 0.375, "f1": 0.48, "avg_tokens": 7906.4, "wall_s": 285.9}
{"done": 45, "n": 100, "em": 0.3778, "f1": 0.4859, "avg_tokens": 9092.0, "wall_s": 316.8}
{"done": 50, "n": 100, "em": 0.38, "f1": 0.484, "avg_tokens": 9952.8, "wall_s": 339.6}
{"done": 55, "n": 100, "em": 0.4182, "f1": 0.5127, "avg_tokens": 10110.3, "wall_s": 368.9}
{"done": 60, "n": 100, "em": 0.3833, "f1": 0.4879, "avg_tokens": 10229.6, "wall_s": 428.5}
{"done": 65, "n": 100, "em": 0.3538, "f1": 0.4503, "avg_tokens": 10080.4, "wall_s": 513.1}
{"done": 70, "n": 100, "em": 0.3571, "f1": 0.4503, "avg_tokens": 10539.5, "wall_s": 573.8}
{"done": 75, "n": 100, "em": 0.3467, "f1": 0.4341, "avg_tokens": 11643.5, "wall_s": 612.9}
{"done": 80, "n": 100, "em": 0.35, "f1": 0.4425, "avg_tokens": 12345.4, "wall_s": 625.9}
{"done": 85, "n": 100, "em": 0.3647, "f1": 0.4517, "avg_tokens": 11977.4, "wall_s": 665.8}
{"done": 90, "n": 100, "em": 0.3667, "f1": 0.4592, "avg_tokens": 12025.3, "wall_s": 701.4}
{"done": 95, "n": 100, "em": 0.3684, "f1": 0.4631, "avg_tokens": 12022.8, "wall_s": 732.5}
{"done": 100, "n": 100, "em": 0.37, "f1": 0.46, "avg_tokens": 13222.6, "wall_s": 870.0}

SUMMARY: {
  "n": 100,
  "em": 0.37,
  "f1": 0.46,
  "acc": 0.43,
  "avg_tokens": 13222.6,
  "avg_rounds": 1.71,
  "avg_wall_s": 78.22,
  "wall_clock_s": 869.97,
  "error_count": 0,
  "config": {
    "width": 2,
    "max_depth": 4,
    "topk": 6,
    "concurrency": 10
  }
}
