{"done": 50, "n": 1000, "em": 0.46, "f1": 0.5811, "avg_tokens": 22548.5, "wall_s": 1091.1}
{"done": 100, "n": 1000, "em": 0.39, "f1": 0.5065, "avg_tokens": 23988.2, "wall_s": 2002.4}
{"done": 150, "n": 1000, "em": 0.4533, "f1": 0.5609, "avg_tokens": 23499.2, "wall_s": 3117.1}
{"done": 200, "n": 1000, "em": 0.43, "f1": 0.5381, "avg_tokens": 27062.8, "wall_s": 4428.7}
{"done": 250, "n": 1000, "em": 0.432, "f1": 0.5379, "avg_tokens": 26800.2, "wall_s": 5488.7}
{"done": 300, "n": 1000, "em": 0.4367, "f1": 0.5426, "avg_tokens": 27381.0, "wall_s": 7027.1}
{"done": 350, "n": 1000, "em": 0.4343, "f1": 0.5387, "avg_tokens": 29270.7, "wall_s": 8959.9}
{"done": 400, "n": 1000, "em": 0.4475, "f1": 0.5485, "avg_tokens": 28808.6, "wall_s": 10593.3}
{"done": 450, "n": 1000, "em": 0.4467, "f1": 0.5558, "avg_tokens": 29205.7, "wall_s": 12323.4}
{"done": 500, "n": 1000, "em": 0.448, "f1": 0.5567, "avg_tokens": 28473.2, "wall_s": 13379.7}
{"done": 550, "n": 1000, "em": 0.4491, "f1": 0.5548, "avg_tokens": 28230.5, "wall_s": 14293.0}
{"done": 600, "n": 1000, "em": 0.4517, "f1": 0.5561, "avg_tokens": 29592.8, "wall_s": 16270.3}
{"done": 650, "n": 1000, "em": 0.4477, "f1": 0.5576, "avg_tokens": 29497.2, "wall_s": 17697.1}
{"done": 700, "n": 1000, "em": 0.4429, "f1": 0.5533, "avg_tokens": 30113.2, "wall_s": 19381.0}
{"done": 750, "n": 1000, "em": 0.4373, "f1": 0.5477, "avg_tokens": 30814.8, "wall_s": 21456.1}
{"done": 800, "n": 1000, "em": 0.44, "f1": 0.5478, "avg_tokens": 31334.8, "wall_s": 23149.5}
{"done": 850, "n": 1000, "em": 0.44, "f1": 0.5476, "avg_tokens": 31405.6, "wall_s": 24707.5}
{"done": 900, "n": 1000, "em": 0.4333, "f1": 0.5449, "avg_tokens": 32162.8, "wall_s": 26439.1}
{"done": 950, "n": 1000, "em": 0.4263, "f1": 0.5401, "avg_tokens": 32085.0, "wall_s": 27665.4}
{"done": 1000, "n": 1000, "em": 0.427, "f1": 0.5427, "avg_tokens": 32805.9, "wall_s": 29557.6}

SUMMARY: {
  "n": 1000,
  "em": 0.427,
  "f1": 0.5427,
  "acc": 0.494,
  "avg_tokens": 32805.9,
  "avg_rounds": 2.03,
  "avg_wall_s": 174.96,
  "wall_clock_s": 29557.61,
  "error_count": 0,
  "config": {
    "width": 4,
    "max_depth": 8,
    "topk": 6,
    "concurrency": 6
  }
}
