{"done": 2, "n": 42, "em": 0.5, "f1": 0.5, "avg_tokens": 8664.0, "wall_s": 36.1}
{"done": 4, "n": 42, "em": 0.25, "f1": 0.375, "avg_tokens": 9351.0, "wall_s": 49.6}
{"done": 6, "n": 42, "em": 0.1667, "f1": 0.4603, "avg_tokens": 9884.3, "wall_s": 59.8}
{"done": 8, "n": 42, "em": 0.25, "f1": 0.5327, "avg_tokens": 9606.2, "wall_s": 64.9}
{"done": 10, "n": 42, "em": 0.3, "f1": 0.5262, "avg_tokens": 9410.0, "wall_s": 77.6}
{"done": 12, "n": 42, "em": 0.3333, "f1": 0.5218, "avg_tokens": 9405.4, "wall_s": 106.5}
{"done": 14, "n": 42, "em": 0.4286, "f1": 0.5901, "avg_tokens": 9548.4, "wall_s": 126.2}
{"done": 16, "n": 42, "em": 0.375, "f1": 0.6164, "avg_tokens": 11052.7, "wall_s": 135.0}
{"done": 18, "n": 42, "em": 0.3889, "f1": 0.6257, "avg_tokens": 12435.8, "wall_s": 157.8}
{"done": 20, "n": 42, "em": 0.35, "f1": 0.5798, "avg_tokens": 12083.9, "wall_s": 174.7}
{"done": 22, "n": 42, "em": 0.3182, "f1": 0.5271, "avg_tokens": 11998.0, "wall_s": 200.0}
{"done": 24, "n": 42, "em": 0.2917, "f1": 0.504, "avg_tokens": 12665.2, "wall_s": 221.7}
{"done": 26, "n": 42, "em": 0.2692, "f1": 0.4652, "avg_tokens": 12499.1, "wall_s": 229.7}
{"done": 28, "n": 42, "em": 0.3214, "f1": 0.5034, "avg_tokens": 12322.5, "wall_s": 242.3}
{"done": 30, "n": 42, "em": 0.3, "f1": 0.4921, "avg_tokens": 12156.5, "wall_s": 268.7}
{"done": 32, "n": 42, "em": 0.3438, "f1": 0.5238, "avg_tokens": 11991.4, "wall_s": 275.0}
{"done": 34, "n": 42, "em": 0.3529, "f1": 0.5459, "avg_tokens": 11815.4, "wall_s": 302.9}
{"done": 36, "n": 42, "em": 0.3333, "f1": 0.5156, "avg_tokens": 12811.1, "wall_s": 322.1}
{"done": 38, "n": 42, "em": 0.3421, "f1": 0.5279, "avg_tokens": 12563.3, "wall_s": 327.2}
{"done": 40, "n": 42, "em": 0.375, "f1": 0.5515, "avg_tokens": 13114.9, "wall_s": 420.3}
{"done": 42, "n": 42, "em": 0.381, "f1": 0.561, "avg_tokens": 16111.1, "wall_s": 588.0}

SUMMARY: {
  "n": 42,
  "em": 0.381,
  "f1": 0.561,
  "acc": 0.4286,
  "avg_tokens": 16111.1,
  "avg_rounds": 1.31,
  "avg_wall_s": 76.51,
  "wall_clock_s": 588.0,
  "error_count": 0,
  "config": {
    "width": 4,
    "max_depth": 4,
    "topk": 6,
    "concurrency": 8
  }
}
