{"done": 5, "n": 100, "em": 0.2, "f1": 0.2889, "avg_tokens": 5244.2, "wall_s": 62.2}
{"done": 10, "n": 100, "em": 0.5, "f1": 0.5444, "avg_tokens": 5126.0, "wall_s": 139.2}
{"done": 15, "n": 100, "em": 0.4, "f1": 0.4296, "avg_tokens": 6576.1, "wall_s": 227.3}
{"done": 20, "n": 100, "em": 0.35, "f1": 0.3722, "avg_tokens": 7389.0, "wall_s": 277.4}
{"done": 25, "n": 100, "em": 0.32, "f1": 0.3378, "avg_tokens": 8166.5, "wall_s": 303.6}
{"done": 30, "n": 100, "em": 0.3667, "f1": 0.3981, "avg_tokens": 8460.7, "wall_s": 367.0}
{"done": 35, "n": 100, "em": 0.3429, "f1": 0.3698, "avg_tokens": 8295.1, "wall_s": 433.1}
{"done": 40, "n": 100, "em": 0.3, "f1": 0.3236, "avg_tokens": 8902.0, "wall_s": 548.1}
{"done": 45, "n": 100, "em": 0.3111, "f1": 0.3321, "avg_tokens": 9447.8, "wall_s": 589.5}
{"done": 50, "n": 100, "em": 0.34, "f1": 0.3589, "avg_tokens": 9379.9, "wall_s": 692.4}
{"done": 55, "n": 100, "em": 0.3091, "f1": 0.3315, "avg_tokens": 9282.5, "wall_s": 760.8}
{"done": 60, "n": 100, "em": 0.3, "f1": 0.3205, "avg_tokens": 9147.8, "wall_s": 795.8}
{"done": 65, "n": 100, "em": 0.2923, "f1": 0.3347, "avg_tokens": 9291.7, "wall_s": 846.5}
{"done": 70, "n": 100, "em": 0.2857, "f1": 0.3282, "avg_tokens": 9173.7, "wall_s": 907.0}
{"done": 75, "n": 100, "em": 0.2667, "f1": 0.3215, "avg_tokens": 9313.9, "wall_s": 1004.6}
{"done": 80, "n": 100, "em": 0.25, "f1": 0.3014, "avg_tokens": 9514.0, "wall_s": 1099.2}
{"done": 85, "n": 100, "em": 0.2471, "f1": 0.3185, "avg_tokens": 9248.3, "wall_s": 1157.8}
{"done": 90, "n": 100, "em": 0.2556, "f1": 0.3258, "avg_tokens": 9499.7, "wall_s": 1193.9}
{"done": 95, "n": 100, "em": 0.2632, "f1": 0.335, "avg_tokens": 9242.2, "wall_s": 1254.2}
{"done": 100, "n": 100, "em": 0.27, "f1": 0.3408, "avg_tokens": 9830.0, "wall_s": 1500.8}

SUMMARY: {
  "n": 100,
  "em": 0.27,
  "f1": 0.3408,
  "acc": 0.33,
  "avg_tokens": 9830.0,
  "avg_rounds": 3.74,
  "avg_wall_s": 107.57,
  "wall_clock_s": 1500.79,
  "error_count": 0,
  "config": {
    "width": 1,
    "max_depth": 6,
    "topk": 6,
    "concurrency": 8
  }
}
