{"done": 5, "n": 100, "em": 0.4, "f1": 0.4889, "avg_tokens": 5170.4, "wall_s": 45.4}
{"done": 10, "n": 100, "em": 0.4, "f1": 0.523, "avg_tokens": 6208.7, "wall_s": 76.0}
{"done": 15, "n": 100, "em": 0.4, "f1": 0.482, "avg_tokens": 7555.0, "wall_s": 105.7}
{"done": 20, "n": 100, "em": 0.35, "f1": 0.4698, "avg_tokens": 8752.6, "wall_s": 132.4}
{"done": 25, "n": 100, "em": 0.36, "f1": 0.4559, "avg_tokens": 9191.2, "wall_s": 214.8}
{"done": 30, "n": 100, "em": 0.3667, "f1": 0.4466, "avg_tokens": 9665.6, "wall_s": 271.6}
{"done": 35, "n": 100, "em": 0.3714, "f1": 0.4791, "avg_tokens": 9973.7, "wall_s": 330.8}
{"done": 40, "n": 100, "em": 0.35, "f1": 0.4513, "avg_tokens": 10764.8, "wall_s": 422.0}
{"done": 45, "n": 100, "em": 0.3333, "f1": 0.4387, "avg_tokens": 10320.0, "wall_s": 486.7}
{"done": 50, "n": 100, "em": 0.34, "f1": 0.44, "avg_tokens": 11056.3, "wall_s": 572.8}
{"done": 55, "n": 100, "em": 0.3273, "f1": 0.4549, "avg_tokens": 11554.2, "wall_s": 694.6}
{"done": 60, "n": 100, "em": 0.3167, "f1": 0.4513, "avg_tokens": 12990.5, "wall_s": 819.5}
{"done": 65, "n": 100, "em": 0.3385, "f1": 0.4812, "avg_tokens": 16383.8, "wall_s": 883.8}
{"done": 70, "n": 100, "em": 0.3286, "f1": 0.4698, "avg_tokens": 19442.8, "wall_s": 1003.3}
{"done": 75, "n": 100, "em": 0.3067, "f1": 0.4452, "avg_tokens": 21390.3, "wall_s": 1063.4}
{"done": 80, "n": 100, "em": 0.325, "f1": 0.4648, "avg_tokens": 20503.7, "wall_s": 1120.6}
{"done": 85, "n": 100, "em": 0.3294, "f1": 0.4787, "avg_tokens": 21800.7, "wall_s": 1161.4}
{"done": 90, "n": 100, "em": 0.3333, "f1": 0.4768, "avg_tokens": 23068.9, "wall_s": 1192.0}
{"done": 95, "n": 100, "em": 0.3474, "f1": 0.4833, "avg_tokens": 24740.0, "wall_s": 1543.7}
{"done": 100, "n": 100, "em": 0.34, "f1": 0.4691, "avg_tokens": 27957.9, "wall_s": 1822.8}

SUMMARY: {
  "n": 100,
  "em": 0.34,
  "f1": 0.4691,
  "acc": 0.48,
  "avg_tokens": 27957.9,
  "avg_rounds": 3.03,
  "avg_wall_s": 273.45,
  "wall_clock_s": 1822.76,
  "error_count": 0,
  "config": {
    "width": 2,
    "max_depth": 8,
    "topk": 6,
    "concurrency": 20
  }
}
