{"done": 50, "n": 1000, "em": 0.14, "f1": 0.2357, "avg_tokens": 50623.2, "wall_s": 1482.6}
{"done": 100, "n": 1000, "em": 0.15, "f1": 0.2381, "avg_tokens": 48646.2, "wall_s": 2772.1}
{"done": 150, "n": 1000, "em": 0.1267, "f1": 0.2181, "avg_tokens": 47556.7, "wall_s": 3871.6}
{"done": 200, "n": 1000, "em": 0.13, "f1": 0.2297, "avg_tokens": 44910.3, "wall_s": 4648.3}
{"done": 250, "n": 1000, "em": 0.136, "f1": 0.2405, "avg_tokens": 44852.5, "wall_s": 5833.3}
{"done": 300, "n": 1000, "em": 0.13, "f1": 0.24, "avg_tokens": 46364.3, "wall_s": 7018.9}
{"done": 350, "n": 1000, "em": 0.1286, "f1": 0.2399, "avg_tokens": 45975.3, "wall_s": 8093.2}
{"done": 400, "n": 1000, "em": 0.125, "f1": 0.2321, "avg_tokens": 47539.8, "wall_s": 9384.0}
{"done": 450, "n": 1000, "em": 0.1356, "f1": 0.2422, "avg_tokens": 47945.2, "wall_s": 10629.1}
{"done": 500, "n": 1000, "em": 0.142, "f1": 0.2532, "avg_tokens": 47053.4, "wall_s": 11366.3}
{"done": 550, "n": 1000, "em": 0.1382, "f1": 0.2508, "avg_tokens": 46232.6, "wall_s": 12159.4}
{"done": 600, "n": 1000, "em": 0.1367, "f1": 0.2506, "avg_tokens": 47589.9, "wall_s": 13369.0}
{"done": 650, "n": 1000, "em": 0.1292, "f1": 0.244, "avg_tokens": 46508.9, "wall_s": 14163.3}
{"done": 700, "n": 1000, "em": 0.1286, "f1": 0.2384, "avg_tokens": 47158.6, "wall_s": 15064.1}
{"done": 750, "n": 1000, "em": 0.124, "f1": 0.2322, "avg_tokens": 47689.9, "wall_s": 15978.5}
{"done": 800, "n": 1000, "em": 0.1275, "f1": 0.2367, "avg_tokens": 47008.9, "wall_s": 16601.9}
{"done": 850, "n": 1000, "em": 0.1271, "f1": 0.2417, "avg_tokens": 47171.0, "wall_s": 17523.3}
{"done": 900, "n": 1000, "em": 0.1278, "f1": 0.2439, "avg_tokens": 46971.7, "wall_s": 18122.0}
{"done": 950, "n": 1000, "em": 0.1242, "f1": 0.2413, "avg_tokens": 46652.5, "wall_s": 18842.2}
{"done": 1000, "n": 1000, "em": 0.127, "f1": 0.2452, "avg_tokens": 47285.5, "wall_s": 19885.9}

SUMMARY: {
  "n": 1000,
  "em": 0.127,
  "f1": 0.2452,
  "acc": 0.164,
  "avg_tokens": 47285.5,
  "avg_rounds": 2.67,
  "avg_wall_s": 235.21,
  "wall_clock_s": 19885.9,
  "error_count": 2,
  "config": {
    "width": 4,
    "max_depth": 8,
    "topk": 6,
    "concurrency": 12
  }
}
