{"done": 5, "n": 100, "em": 0.0, "f1": 0.16, "avg_tokens": 12651.6, "wall_s": 208.2}
{"done": 10, "n": 100, "em": 0.1, "f1": 0.26, "avg_tokens": 22334.9, "wall_s": 337.0}
{"done": 15, "n": 100, "em": 0.1333, "f1": 0.2622, "avg_tokens": 22009.3, "wall_s": 426.1}
{"done": 20, "n": 100, "em": 0.1, "f1": 0.2349, "avg_tokens": 25289.5, "wall_s": 579.2}
{"done": 25, "n": 100, "em": 0.16, "f1": 0.2743, "avg_tokens": 23660.9, "wall_s": 661.0}
{"done": 30, "n": 100, "em": 0.1333, "f1": 0.2286, "avg_tokens": 23165.8, "wall_s": 727.9}
{"done": 35, "n": 100, "em": 0.1143, "f1": 0.2074, "avg_tokens": 23670.8, "wall_s": 864.5}
{"done": 40, "n": 100, "em": 0.1, "f1": 0.2044, "avg_tokens": 22184.8, "wall_s": 912.4}
{"done": 45, "n": 100, "em": 0.1111, "f1": 0.215, "avg_tokens": 20429.3, "wall_s": 960.8}
{"done": 50, "n": 100, "em": 0.1, "f1": 0.2002, "avg_tokens": 20065.6, "wall_s": 1074.7}
{"done": 55, "n": 100, "em": 0.0909, "f1": 0.1905, "avg_tokens": 19826.5, "wall_s": 1237.9}
{"done": 60, "n": 100, "em": 0.0833, "f1": 0.183, "avg_tokens": 20919.7, "wall_s": 1338.2}
{"done": 65, "n": 100, "em": 0.0923, "f1": 0.1869, "avg_tokens": 20513.2, "wall_s": 1451.6}
{"done": 70, "n": 100, "em": 0.1, "f1": 0.1902, "avg_tokens": 20200.8, "wall_s": 1515.7}
{"done": 75, "n": 100, "em": 0.1067, "f1": 0.1976, "avg_tokens": 20193.2, "wall_s": 1600.9}
{"done": 80, "n": 100, "em": 0.1375, "f1": 0.2234, "avg_tokens": 20028.7, "wall_s": 1746.1}
{"done": 85, "n": 100, "em": 0.1529, "f1": 0.2426, "avg_tokens": 19997.5, "wall_s": 1860.4}
{"done": 90, "n": 100, "em": 0.1444, "f1": 0.238, "avg_tokens": 20174.4, "wall_s": 1943.7}
{"done": 95, "n": 100, "em": 0.1368, "f1": 0.2313, "avg_tokens": 20131.8, "wall_s": 2057.3}
{"done": 100, "n": 100, "em": 0.13, "f1": 0.2198, "avg_tokens": 20616.1, "wall_s": 2233.4}

SUMMARY: {
  "n": 100,
  "em": 0.13,
  "f1": 0.2198,
  "acc": 0.15,
  "avg_tokens": 20616.1,
  "avg_rounds": 2.3,
  "avg_wall_s": 166.74,
  "wall_clock_s": 2233.36,
  "error_count": 0,
  "config": {
    "width": 2,
    "max_depth": 4,
    "topk": 6,
    "concurrency": 8
  }
}
