{"done": 5, "n": 100, "em": 0.2, "f1": 0.3889, "avg_tokens": 7201.0, "wall_s": 91.2}
{"done": 10, "n": 100, "em": 0.3, "f1": 0.4611, "avg_tokens": 9024.2, "wall_s": 129.2}
{"done": 15, "n": 100, "em": 0.4, "f1": 0.5074, "avg_tokens": 9674.1, "wall_s": 257.1}
{"done": 20, "n": 100, "em": 0.35, "f1": 0.4306, "avg_tokens": 11791.8, "wall_s": 371.9}
{"done": 25, "n": 100, "em": 0.28, "f1": 0.3444, "avg_tokens": 15575.8, "wall_s": 531.7}
{"done": 30, "n": 100, "em": 0.3, "f1": 0.387, "avg_tokens": 18169.3, "wall_s": 703.5}
{"done": 35, "n": 100, "em": 0.2857, "f1": 0.3603, "avg_tokens": 20057.1, "wall_s": 827.7}
{"done": 40, "n": 100, "em": 0.3, "f1": 0.3796, "avg_tokens": 20020.5, "wall_s": 931.3}
{"done": 45, "n": 100, "em": 0.2889, "f1": 0.3744, "avg_tokens": 21513.5, "wall_s": 1022.1}
{"done": 50, "n": 100, "em": 0.28, "f1": 0.3863, "avg_tokens": 20272.8, "wall_s": 1107.2}
{"done": 55, "n": 100, "em": 0.2909, "f1": 0.3974, "avg_tokens": 20280.8, "wall_s": 1170.5}
{"done": 60, "n": 100, "em": 0.3, "f1": 0.4043, "avg_tokens": 20071.8, "wall_s": 1396.1}
{"done": 65, "n": 100, "em": 0.2923, "f1": 0.4066, "avg_tokens": 21491.8, "wall_s": 1474.6}
{"done": 70, "n": 100, "em": 0.2857, "f1": 0.4072, "avg_tokens": 21331.7, "wall_s": 1534.4}
{"done": 75, "n": 100, "em": 0.28, "f1": 0.4174, "avg_tokens": 21470.3, "wall_s": 1629.3}
{"done": 80, "n": 100, "em": 0.3, "f1": 0.4338, "avg_tokens": 22099.9, "wall_s": 1898.7}
{"done": 85, "n": 100, "em": 0.3059, "f1": 0.4471, "avg_tokens": 22482.7, "wall_s": 2039.7}
{"done": 90, "n": 100, "em": 0.3222, "f1": 0.4556, "avg_tokens": 22872.5, "wall_s": 2124.3}
{"done": 95, "n": 100, "em": 0.3158, "f1": 0.4498, "avg_tokens": 22640.7, "wall_s": 2199.6}
{"done": 100, "n": 100, "em": 0.3, "f1": 0.4339, "avg_tokens": 24815.5, "wall_s": 2565.4}

SUMMARY: {
  "n": 100,
  "em": 0.3,
  "f1": 0.4339,
  "acc": 0.43,
  "avg_tokens": 24815.5,
  "avg_rounds": 2.78,
  "avg_wall_s": 188.76,
  "wall_clock_s": 2565.42,
  "error_count": 0,
  "config": {
    "width": 2,
    "max_depth": 6,
    "topk": 6,
    "concurrency": 8
  }
}
