{"done": 5, "n": 100, "em": 0.4, "f1": 0.56, "avg_tokens": 14575.0, "wall_s": 211.8}
{"done": 10, "n": 100, "em": 0.2, "f1": 0.36, "avg_tokens": 13706.9, "wall_s": 383.6}
{"done": 15, "n": 100, "em": 0.2, "f1": 0.3567, "avg_tokens": 22325.8, "wall_s": 567.7}
{"done": 20, "n": 100, "em": 0.15, "f1": 0.3375, "avg_tokens": 24440.8, "wall_s": 725.9}
{"done": 25, "n": 100, "em": 0.2, "f1": 0.35, "avg_tokens": 25886.5, "wall_s": 878.2}
{"done": 30, "n": 100, "em": 0.1667, "f1": 0.2939, "avg_tokens": 27708.2, "wall_s": 956.8}
{"done": 35, "n": 100, "em": 0.1429, "f1": 0.2519, "avg_tokens": 26383.3, "wall_s": 1093.9}
{"done": 40, "n": 100, "em": 0.15, "f1": 0.2629, "avg_tokens": 25843.7, "wall_s": 1182.6}
{"done": 45, "n": 100, "em": 0.1556, "f1": 0.267, "avg_tokens": 24339.0, "wall_s": 1285.2}
{"done": 50, "n": 100, "em": 0.14, "f1": 0.2403, "avg_tokens": 25461.6, "wall_s": 1451.2}
{"done": 55, "n": 100, "em": 0.1273, "f1": 0.2297, "avg_tokens": 24780.3, "wall_s": 1557.5}
{"done": 60, "n": 100, "em": 0.1167, "f1": 0.2189, "avg_tokens": 25789.3, "wall_s": 1676.0}
{"done": 65, "n": 100, "em": 0.1385, "f1": 0.2343, "avg_tokens": 24634.7, "wall_s": 1782.8}
{"done": 70, "n": 100, "em": 0.1286, "f1": 0.2176, "avg_tokens": 24178.8, "wall_s": 1876.5}
{"done": 75, "n": 100, "em": 0.1333, "f1": 0.2175, "avg_tokens": 24528.6, "wall_s": 2002.5}
{"done": 80, "n": 100, "em": 0.1625, "f1": 0.2514, "avg_tokens": 24787.1, "wall_s": 2228.4}
{"done": 85, "n": 100, "em": 0.1647, "f1": 0.259, "avg_tokens": 25154.4, "wall_s": 2314.3}
{"done": 90, "n": 100, "em": 0.1667, "f1": 0.2684, "avg_tokens": 24884.3, "wall_s": 2396.2}
{"done": 95, "n": 100, "em": 0.1579, "f1": 0.2542, "avg_tokens": 24664.5, "wall_s": 2496.6}
{"done": 100, "n": 100, "em": 0.15, "f1": 0.2437, "avg_tokens": 26072.7, "wall_s": 2829.1}

SUMMARY: {
  "n": 100,
  "em": 0.15,
  "f1": 0.2437,
  "acc": 0.18,
  "avg_tokens": 26072.7,
  "avg_rounds": 2.75,
  "avg_wall_s": 205.51,
  "wall_clock_s": 2829.14,
  "error_count": 0,
  "config": {
    "width": 2,
    "max_depth": 6,
    "topk": 6,
    "concurrency": 8
  }
}
