{"done": 5, "n": 100, "em": 0.4, "f1": 0.48, "avg_tokens": 4938.4, "wall_s": 33.0}
{"done": 10, "n": 100, "em": 0.4, "f1": 0.4733, "avg_tokens": 5280.0, "wall_s": 47.0}
{"done": 15, "n": 100, "em": 0.4, "f1": 0.5022, "avg_tokens": 5386.9, "wall_s": 76.0}
{"done": 20, "n": 100, "em": 0.45, "f1": 0.5329, "avg_tokens": 6297.8, "wall_s": 104.9}
{"done": 25, "n": 100, "em": 0.44, "f1": 0.5063, "avg_tokens": 6525.4, "wall_s": 153.9}
{"done": 30, "n": 100, "em": 0.3667, "f1": 0.4553, "avg_tokens": 6521.1, "wall_s": 193.1}
{"done": 35, "n": 100, "em": 0.4, "f1": 0.5045, "avg_tokens": 6423.8, "wall_s": 233.5}
{"done": 40, "n": 100, "em": 0.375, "f1": 0.4915, "avg_tokens": 7697.3, "wall_s": 366.5}
{"done": 45, "n": 100, "em": 0.3778, "f1": 0.4961, "avg_tokens": 9347.6, "wall_s": 393.6}
{"done": 50, "n": 100, "em": 0.38, "f1": 0.4865, "avg_tokens": 11101.0, "wall_s": 422.4}
{"done": 55, "n": 100, "em": 0.3818, "f1": 0.4877, "avg_tokens": 12557.9, "wall_s": 488.9}
{"done": 60, "n": 100, "em": 0.3667, "f1": 0.4637, "avg_tokens": 13303.1, "wall_s": 560.2}
{"done": 65, "n": 100, "em": 0.3692, "f1": 0.4588, "avg_tokens": 13358.3, "wall_s": 574.7}
{"done": 70, "n": 100, "em": 0.3714, "f1": 0.4582, "avg_tokens": 12760.5, "wall_s": 625.4}
{"done": 75, "n": 100, "em": 0.36, "f1": 0.441, "avg_tokens": 12599.2, "wall_s": 673.5}
{"done": 80, "n": 100, "em": 0.35, "f1": 0.4359, "avg_tokens": 12293.4, "wall_s": 770.7}
{"done": 85, "n": 100, "em": 0.3529, "f1": 0.4417, "avg_tokens": 13562.5, "wall_s": 816.4}
{"done": 90, "n": 100, "em": 0.3556, "f1": 0.4501, "avg_tokens": 14442.7, "wall_s": 851.4}
{"done": 95, "n": 100, "em": 0.3789, "f1": 0.4685, "avg_tokens": 14064.1, "wall_s": 875.5}
{"done": 100, "n": 100, "em": 0.38, "f1": 0.4651, "avg_tokens": 16323.2, "wall_s": 1163.0}

SUMMARY: {
  "n": 100,
  "em": 0.38,
  "f1": 0.4651,
  "acc": 0.43,
  "avg_tokens": 16323.2,
  "avg_rounds": 1.97,
  "avg_wall_s": 94.43,
  "wall_clock_s": 1163.04,
  "error_count": 0,
  "config": {
    "width": 2,
    "max_depth": 6,
    "topk": 6,
    "concurrency": 10
  }
}
