{"done": 2, "n": 42, "em": 0.5, "f1": 0.5, "avg_tokens": 8866.5, "wall_s": 53.1}
{"done": 4, "n": 42, "em": 0.25, "f1": 0.5655, "avg_tokens": 9814.5, "wall_s": 67.5}
{"done": 6, "n": 42, "em": 0.3333, "f1": 0.627, "avg_tokens": 9568.7, "wall_s": 79.2}
{"done": 8, "n": 42, "em": 0.375, "f1": 0.5952, "avg_tokens": 9300.4, "wall_s": 100.9}
{"done": 10, "n": 42, "em": 0.3, "f1": 0.5762, "avg_tokens": 10522.6, "wall_s": 111.0}
{"done": 12, "n": 42, "em": 0.4167, "f1": 0.6468, "avg_tokens": 10410.2, "wall_s": 130.9}
{"done": 14, "n": 42, "em": 0.4286, "f1": 0.6259, "avg_tokens": 10290.4, "wall_s": 162.7}
{"done": 16, "n": 42, "em": 0.375, "f1": 0.6476, "avg_tokens": 11534.7, "wall_s": 189.0}
{"done": 18, "n": 42, "em": 0.3333, "f1": 0.5997, "avg_tokens": 12560.0, "wall_s": 199.9}
{"done": 20, "n": 42, "em": 0.35, "f1": 0.5898, "avg_tokens": 12419.9, "wall_s": 225.4}
{"done": 22, "n": 42, "em": 0.3182, "f1": 0.5361, "avg_tokens": 12222.8, "wall_s": 260.1}
{"done": 24, "n": 42, "em": 0.2917, "f1": 0.4915, "avg_tokens": 12070.5, "wall_s": 274.1}
{"done": 26, "n": 42, "em": 0.3077, "f1": 0.5114, "avg_tokens": 12724.3, "wall_s": 285.3}
{"done": 28, "n": 42, "em": 0.3214, "f1": 0.5344, "avg_tokens": 12536.9, "wall_s": 321.4}
{"done": 30, "n": 42, "em": 0.3333, "f1": 0.5321, "avg_tokens": 12380.5, "wall_s": 333.0}
{"done": 32, "n": 42, "em": 0.3125, "f1": 0.5238, "avg_tokens": 12749.1, "wall_s": 355.7}
{"done": 34, "n": 42, "em": 0.3235, "f1": 0.5224, "avg_tokens": 12534.6, "wall_s": 383.5}
{"done": 36, "n": 42, "em": 0.3333, "f1": 0.5304, "avg_tokens": 12295.8, "wall_s": 412.9}
{"done": 38, "n": 42, "em": 0.3684, "f1": 0.5551, "avg_tokens": 12181.8, "wall_s": 425.1}
{"done": 40, "n": 42, "em": 0.375, "f1": 0.5724, "avg_tokens": 13642.6, "wall_s": 584.2}
{"done": 42, "n": 42, "em": 0.3571, "f1": 0.5451, "avg_tokens": 18312.3, "wall_s": 930.3}

SUMMARY: {
  "n": 42,
  "em": 0.3571,
  "f1": 0.5451,
  "acc": 0.4524,
  "avg_tokens": 18312.3,
  "avg_rounds": 1.43,
  "avg_wall_s": 101.79,
  "wall_clock_s": 930.31,
  "error_count": 0,
  "config": {
    "width": 4,
    "max_depth": 6,
    "topk": 6,
    "concurrency": 8
  }
}
