{"done": 5, "n": 100, "em": 0.2, "f1": 0.4889, "avg_tokens": 5522.6, "wall_s": 65.3}
{"done": 10, "n": 100, "em": 0.5, "f1": 0.6444, "avg_tokens": 7032.2, "wall_s": 108.6}
{"done": 15, "n": 100, "em": 0.4667, "f1": 0.5913, "avg_tokens": 8730.1, "wall_s": 162.8}
{"done": 20, "n": 100, "em": 0.45, "f1": 0.5435, "avg_tokens": 9249.5, "wall_s": 199.0}
{"done": 25, "n": 100, "em": 0.36, "f1": 0.4348, "avg_tokens": 9843.2, "wall_s": 241.1}
{"done": 30, "n": 100, "em": 0.3667, "f1": 0.4457, "avg_tokens": 10256.0, "wall_s": 301.8}
{"done": 35, "n": 100, "em": 0.3429, "f1": 0.4106, "avg_tokens": 10813.5, "wall_s": 365.9}
{"done": 40, "n": 100, "em": 0.325, "f1": 0.3985, "avg_tokens": 10588.0, "wall_s": 405.4}
{"done": 45, "n": 100, "em": 0.3111, "f1": 0.3883, "avg_tokens": 10847.5, "wall_s": 470.1}
{"done": 50, "n": 100, "em": 0.3, "f1": 0.3922, "avg_tokens": 11027.2, "wall_s": 547.7}
{"done": 55, "n": 100, "em": 0.3273, "f1": 0.4111, "avg_tokens": 11190.3, "wall_s": 594.6}
{"done": 60, "n": 100, "em": 0.3167, "f1": 0.4093, "avg_tokens": 11056.5, "wall_s": 626.3}
{"done": 65, "n": 100, "em": 0.3385, "f1": 0.4343, "avg_tokens": 10857.1, "wall_s": 705.0}
{"done": 70, "n": 100, "em": 0.3286, "f1": 0.4401, "avg_tokens": 10834.0, "wall_s": 745.5}
{"done": 75, "n": 100, "em": 0.32, "f1": 0.4393, "avg_tokens": 10991.9, "wall_s": 856.6}
{"done": 80, "n": 100, "em": 0.325, "f1": 0.4419, "avg_tokens": 11346.6, "wall_s": 912.2}
{"done": 85, "n": 100, "em": 0.3294, "f1": 0.4394, "avg_tokens": 11586.1, "wall_s": 1003.9}
{"done": 90, "n": 100, "em": 0.3333, "f1": 0.4517, "avg_tokens": 11482.8, "wall_s": 1029.3}
{"done": 95, "n": 100, "em": 0.3368, "f1": 0.456, "avg_tokens": 11322.2, "wall_s": 1070.4}
{"done": 100, "n": 100, "em": 0.33, "f1": 0.4504, "avg_tokens": 11435.8, "wall_s": 1178.2}

SUMMARY: {
  "n": 100,
  "em": 0.33,
  "f1": 0.4504,
  "acc": 0.48,
  "avg_tokens": 11435.8,
  "avg_rounds": 1.59,
  "avg_wall_s": 87.81,
  "wall_clock_s": 1178.21,
  "error_count": 0,
  "config": {
    "width": 2,
    "max_depth": 2,
    "topk": 6,
    "concurrency": 8
  }
}
