{"done": 2, "n": 42, "em": 0.5, "f1": 0.5, "avg_tokens": 8908.5, "wall_s": 47.4}
{"done": 4, "n": 42, "em": 0.25, "f1": 0.5655, "avg_tokens": 9656.5, "wall_s": 64.5}
{"done": 6, "n": 42, "em": 0.3333, "f1": 0.6103, "avg_tokens": 9689.0, "wall_s": 77.2}
{"done": 8, "n": 42, "em": 0.25, "f1": 0.5202, "avg_tokens": 9572.4, "wall_s": 94.2}
{"done": 10, "n": 42, "em": 0.4, "f1": 0.6162, "avg_tokens": 9393.2, "wall_s": 115.4}
{"done": 12, "n": 42, "em": 0.4167, "f1": 0.5968, "avg_tokens": 9443.8, "wall_s": 125.9}
{"done": 14, "n": 42, "em": 0.4286, "f1": 0.6187, "avg_tokens": 10679.9, "wall_s": 154.9}
{"done": 16, "n": 42, "em": 0.4375, "f1": 0.6539, "avg_tokens": 10848.5, "wall_s": 178.7}
{"done": 18, "n": 42, "em": 0.3889, "f1": 0.609, "avg_tokens": 12005.9, "wall_s": 186.1}
{"done": 20, "n": 42, "em": 0.35, "f1": 0.5648, "avg_tokens": 12854.2, "wall_s": 192.3}
{"done": 22, "n": 42, "em": 0.3182, "f1": 0.5134, "avg_tokens": 12626.6, "wall_s": 234.1}
{"done": 24, "n": 42, "em": 0.2917, "f1": 0.4706, "avg_tokens": 12915.2, "wall_s": 247.5}
{"done": 26, "n": 42, "em": 0.3077, "f1": 0.4729, "avg_tokens": 12657.3, "wall_s": 251.5}
{"done": 28, "n": 42, "em": 0.3214, "f1": 0.4748, "avg_tokens": 12526.8, "wall_s": 269.7}
{"done": 30, "n": 42, "em": 0.3333, "f1": 0.4932, "avg_tokens": 13150.1, "wall_s": 295.7}
{"done": 32, "n": 42, "em": 0.3438, "f1": 0.4936, "avg_tokens": 12961.2, "wall_s": 297.2}
{"done": 34, "n": 42, "em": 0.3235, "f1": 0.5077, "avg_tokens": 12779.7, "wall_s": 310.1}
{"done": 36, "n": 42, "em": 0.3611, "f1": 0.5351, "avg_tokens": 12498.7, "wall_s": 333.7}
{"done": 38, "n": 42, "em": 0.3421, "f1": 0.5157, "avg_tokens": 12328.6, "wall_s": 339.1}
{"done": 40, "n": 42, "em": 0.35, "f1": 0.5349, "avg_tokens": 12271.3, "wall_s": 356.7}
{"done": 42, "n": 42, "em": 0.3571, "f1": 0.5332, "avg_tokens": 13213.9, "wall_s": 437.7}

SUMMARY: {
  "n": 42,
  "em": 0.3571,
  "f1": 0.5332,
  "acc": 0.4524,
  "avg_tokens": 13213.9,
  "avg_rounds": 1.17,
  "avg_wall_s": 68.4,
  "wall_clock_s": 437.66,
  "error_count": 0,
  "config": {
    "width": 4,
    "max_depth": 2,
    "topk": 6,
    "concurrency": 8
  }
}
