{"done": 2, "n": 42, "em": 0.5, "f1": 0.5, "avg_tokens": 8890.5, "wall_s": 53.4}
{"done": 4, "n": 42, "em": 0.25, "f1": 0.375, "avg_tokens": 9405.0, "wall_s": 93.0}
{"done": 6, "n": 42, "em": 0.3333, "f1": 0.5437, "avg_tokens": 9550.0, "wall_s": 101.4}
{"done": 8, "n": 42, "em": 0.25, "f1": 0.4702, "avg_tokens": 9544.9, "wall_s": 117.1}
{"done": 10, "n": 42, "em": 0.4, "f1": 0.5762, "avg_tokens": 9390.7, "wall_s": 153.9}
{"done": 12, "n": 42, "em": 0.4167, "f1": 0.5635, "avg_tokens": 9435.5, "wall_s": 177.8}
{"done": 14, "n": 42, "em": 0.4286, "f1": 0.6116, "avg_tokens": 10975.9, "wall_s": 185.4}
{"done": 16, "n": 42, "em": 0.4375, "f1": 0.6185, "avg_tokens": 12341.4, "wall_s": 211.4}
{"done": 18, "n": 42, "em": 0.3889, "f1": 0.6127, "avg_tokens": 12098.4, "wall_s": 247.4}
{"done": 20, "n": 42, "em": 0.35, "f1": 0.5514, "avg_tokens": 12025.0, "wall_s": 280.7}
{"done": 22, "n": 42, "em": 0.3182, "f1": 0.524, "avg_tokens": 12708.9, "wall_s": 302.3}
{"done": 24, "n": 42, "em": 0.3333, "f1": 0.522, "avg_tokens": 12436.9, "wall_s": 334.2}
{"done": 26, "n": 42, "em": 0.3077, "f1": 0.4819, "avg_tokens": 12366.2, "wall_s": 355.2}
{"done": 28, "n": 42, "em": 0.3214, "f1": 0.4832, "avg_tokens": 12787.9, "wall_s": 375.3}
{"done": 30, "n": 42, "em": 0.3667, "f1": 0.5176, "avg_tokens": 12554.1, "wall_s": 409.8}
{"done": 32, "n": 42, "em": 0.375, "f1": 0.5415, "avg_tokens": 12338.1, "wall_s": 450.8}
{"done": 34, "n": 42, "em": 0.3529, "f1": 0.5293, "avg_tokens": 12586.2, "wall_s": 461.4}
{"done": 36, "n": 42, "em": 0.3611, "f1": 0.5369, "avg_tokens": 12341.0, "wall_s": 493.7}
{"done": 38, "n": 42, "em": 0.3684, "f1": 0.5481, "avg_tokens": 12850.2, "wall_s": 520.4}
{"done": 40, "n": 42, "em": 0.35, "f1": 0.5332, "avg_tokens": 19167.3, "wall_s": 794.7}
{"done": 42, "n": 42, "em": 0.3571, "f1": 0.5316, "avg_tokens": 26059.0, "wall_s": 1087.9}

SUMMARY: {
  "n": 42,
  "em": 0.3571,
  "f1": 0.5316,
  "acc": 0.4048,
  "avg_tokens": 26059.0,
  "avg_rounds": 1.81,
  "avg_wall_s": 133.55,
  "wall_clock_s": 1087.95,
  "error_count": 0,
  "config": {
    "width": 4,
    "max_depth": 8,
    "topk": 6,
    "concurrency": 8
  }
}
