{"done": 5, "n": 100, "em": 0.0, "f1": 0.1371, "avg_tokens": 3807.0, "wall_s": 69.3}
{"done": 10, "n": 100, "em": 0.1, "f1": 0.2436, "avg_tokens": 4006.1, "wall_s": 103.2}
{"done": 15, "n": 100, "em": 0.0667, "f1": 0.1624, "avg_tokens": 4376.5, "wall_s": 143.4}
{"done": 20, "n": 100, "em": 0.1, "f1": 0.2051, "avg_tokens": 3999.1, "wall_s": 159.3}
{"done": 25, "n": 100, "em": 0.12, "f1": 0.2201, "avg_tokens": 3946.2, "wall_s": 184.5}
{"done": 30, "n": 100, "em": 0.1, "f1": 0.1834, "avg_tokens": 3935.0, "wall_s": 239.1}
{"done": 35, "n": 100, "em": 0.0857, "f1": 0.1722, "avg_tokens": 3960.5, "wall_s": 266.9}
{"done": 40, "n": 100, "em": 0.1, "f1": 0.1923, "avg_tokens": 3934.6, "wall_s": 308.7}
{"done": 45, "n": 100, "em": 0.0889, "f1": 0.1909, "avg_tokens": 3991.3, "wall_s": 326.4}
{"done": 50, "n": 100, "em": 0.08, "f1": 0.1719, "avg_tokens": 3862.3, "wall_s": 369.2}
{"done": 55, "n": 100, "em": 0.0727, "f1": 0.1638, "avg_tokens": 3882.7, "wall_s": 409.5}
{"done": 60, "n": 100, "em": 0.0667, "f1": 0.1652, "avg_tokens": 3925.6, "wall_s": 436.6}
{"done": 65, "n": 100, "em": 0.0615, "f1": 0.1524, "avg_tokens": 4003.2, "wall_s": 482.4}
{"done": 70, "n": 100, "em": 0.0714, "f1": 0.1571, "avg_tokens": 4007.7, "wall_s": 507.3}
{"done": 75, "n": 100, "em": 0.0667, "f1": 0.1533, "avg_tokens": 3978.9, "wall_s": 537.8}
{"done": 80, "n": 100, "em": 0.075, "f1": 0.1645, "avg_tokens": 3993.6, "wall_s": 549.1}
{"done": 85, "n": 100, "em": 0.0824, "f1": 0.1725, "avg_tokens": 3935.4, "wall_s": 579.7}
{"done": 90, "n": 100, "em": 0.0889, "f1": 0.174, "avg_tokens": 3880.0, "wall_s": 617.0}
{"done": 95, "n": 100, "em": 0.0842, "f1": 0.1649, "avg_tokens": 3896.7, "wall_s": 641.7}
{"done": 100, "n": 100, "em": 0.08, "f1": 0.1566, "avg_tokens": 3961.0, "wall_s": 717.4}

SUMMARY: {
  "n": 100,
  "em": 0.08,
  "f1": 0.1566,
  "acc": 0.14,
  "avg_tokens": 3961.0,
  "avg_rounds": 1.6,
  "avg_wall_s": 52.72,
  "wall_clock_s": 717.4,
  "error_count": 0,
  "config": {
    "width": 1,
    "max_depth": 2,
    "topk": 6,
    "concurrency": 8
  }
}
