{"done": 5, "n": 100, "em": 0.4, "f1": 0.56, "avg_tokens": 6471.6, "wall_s": 99.7}
{"done": 10, "n": 100, "em": 0.3, "f1": 0.4467, "avg_tokens": 7104.1, "wall_s": 165.8}
{"done": 15, "n": 100, "em": 0.3333, "f1": 0.4578, "avg_tokens": 8377.1, "wall_s": 223.7}
{"done": 20, "n": 100, "em": 0.25, "f1": 0.3767, "avg_tokens": 8862.8, "wall_s": 328.2}
{"done": 25, "n": 100, "em": 0.2, "f1": 0.328, "avg_tokens": 10182.2, "wall_s": 463.4}
{"done": 30, "n": 100, "em": 0.2, "f1": 0.3289, "avg_tokens": 11139.8, "wall_s": 544.9}
{"done": 35, "n": 100, "em": 0.1714, "f1": 0.2962, "avg_tokens": 11827.3, "wall_s": 710.8}
{"done": 40, "n": 100, "em": 0.15, "f1": 0.2792, "avg_tokens": 13398.1, "wall_s": 855.7}
{"done": 45, "n": 100, "em": 0.1333, "f1": 0.2529, "avg_tokens": 19846.5, "wall_s": 952.7}
{"done": 50, "n": 100, "em": 0.12, "f1": 0.2371, "avg_tokens": 23483.6, "wall_s": 998.4}
{"done": 55, "n": 100, "em": 0.1273, "f1": 0.2433, "avg_tokens": 26511.5, "wall_s": 1052.0}
{"done": 60, "n": 100, "em": 0.1167, "f1": 0.2314, "avg_tokens": 24932.0, "wall_s": 1102.9}
{"done": 65, "n": 100, "em": 0.1231, "f1": 0.232, "avg_tokens": 23618.8, "wall_s": 1169.5}
{"done": 70, "n": 100, "em": 0.1286, "f1": 0.2297, "avg_tokens": 24105.4, "wall_s": 1220.0}
{"done": 75, "n": 100, "em": 0.1733, "f1": 0.2792, "avg_tokens": 24125.9, "wall_s": 1300.0}
{"done": 80, "n": 100, "em": 0.1625, "f1": 0.2759, "avg_tokens": 24134.8, "wall_s": 1375.0}
{"done": 85, "n": 100, "em": 0.1529, "f1": 0.2597, "avg_tokens": 25542.7, "wall_s": 1446.5}
{"done": 90, "n": 100, "em": 0.1444, "f1": 0.2453, "avg_tokens": 26961.2, "wall_s": 1518.0}
{"done": 95, "n": 100, "em": 0.1368, "f1": 0.2332, "avg_tokens": 28633.4, "wall_s": 1671.4}
{"done": 100, "n": 100, "em": 0.13, "f1": 0.2229, "avg_tokens": 31510.4, "wall_s": 1938.8}

SUMMARY: {
  "n": 100,
  "em": 0.13,
  "f1": 0.2229,
  "acc": 0.14,
  "avg_tokens": 31510.4,
  "avg_rounds": 3.22,
  "avg_wall_s": 317.61,
  "wall_clock_s": 1938.76,
  "error_count": 0,
  "config": {
    "width": 2,
    "max_depth": 8,
    "topk": 6,
    "concurrency": 20
  }
}
