{"done": 5, "n": 100, "em": 0.4, "f1": 0.4667, "avg_tokens": 10500.4, "wall_s": 112.8}
{"done": 10, "n": 100, "em": 0.5, "f1": 0.5333, "avg_tokens": 12661.7, "wall_s": 129.2}
{"done": 15, "n": 100, "em": 0.4667, "f1": 0.5185, "avg_tokens": 14265.6, "wall_s": 145.7}
{"done": 20, "n": 100, "em": 0.4, "f1": 0.4782, "avg_tokens": 14513.3, "wall_s": 214.6}
{"done": 25, "n": 100, "em": 0.44, "f1": 0.5025, "avg_tokens": 15948.6, "wall_s": 308.0}
{"done": 30, "n": 100, "em": 0.4333, "f1": 0.4966, "avg_tokens": 16271.5, "wall_s": 412.9}
{"done": 35, "n": 100, "em": 0.4, "f1": 0.4852, "avg_tokens": 18504.9, "wall_s": 557.8}
{"done": 40, "n": 100, "em": 0.425, "f1": 0.5174, "avg_tokens": 20260.2, "wall_s": 714.7}
{"done": 45, "n": 100, "em": 0.4444, "f1": 0.5266, "avg_tokens": 21931.5, "wall_s": 835.6}
{"done": 50, "n": 100, "em": 0.42, "f1": 0.504, "avg_tokens": 26812.9, "wall_s": 974.5}
{"done": 55, "n": 100, "em": 0.4364, "f1": 0.527, "avg_tokens": 31165.3, "wall_s": 1063.3}
{"done": 60, "n": 100, "em": 0.4167, "f1": 0.5208, "avg_tokens": 35272.2, "wall_s": 1109.7}
{"done": 65, "n": 100, "em": 0.4, "f1": 0.5221, "avg_tokens": 33667.4, "wall_s": 1220.1}
{"done": 70, "n": 100, "em": 0.4143, "f1": 0.5277, "avg_tokens": 37395.5, "wall_s": 1336.3}
{"done": 75, "n": 100, "em": 0.4133, "f1": 0.5441, "avg_tokens": 36990.2, "wall_s": 1408.0}
{"done": 80, "n": 100, "em": 0.4, "f1": 0.5288, "avg_tokens": 38683.0, "wall_s": 1432.7}
{"done": 85, "n": 100, "em": 0.4, "f1": 0.5239, "avg_tokens": 38622.6, "wall_s": 1495.4}
{"done": 90, "n": 100, "em": 0.3889, "f1": 0.5114, "avg_tokens": 37921.5, "wall_s": 1505.0}
{"done": 95, "n": 100, "em": 0.3684, "f1": 0.488, "avg_tokens": 41041.9, "wall_s": 1808.6}
{"done": 100, "n": 100, "em": 0.36, "f1": 0.4803, "avg_tokens": 45175.6, "wall_s": 1969.0}

SUMMARY: {
  "n": 100,
  "em": 0.36,
  "f1": 0.4803,
  "acc": 0.53,
  "avg_tokens": 45175.6,
  "avg_rounds": 2.64,
  "avg_wall_s": 324.98,
  "wall_clock_s": 1969.0,
  "error_count": 0,
  "config": {
    "width": 4,
    "max_depth": 6,
    "topk": 6,
    "concurrency": 20
  }
}
