{"done": 5, "n": 100, "em": 0.2, "f1": 0.2667, "avg_tokens": 11372.0, "wall_s": 106.0}
{"done": 10, "n": 100, "em": 0.3, "f1": 0.3333, "avg_tokens": 12376.9, "wall_s": 125.9}
{"done": 15, "n": 100, "em": 0.4, "f1": 0.4222, "avg_tokens": 15310.9, "wall_s": 161.0}
{"done": 20, "n": 100, "em": 0.35, "f1": 0.425, "avg_tokens": 15935.3, "wall_s": 221.0}
{"done": 25, "n": 100, "em": 0.36, "f1": 0.4333, "avg_tokens": 16213.3, "wall_s": 337.7}
{"done": 30, "n": 100, "em": 0.3333, "f1": 0.4056, "avg_tokens": 17471.9, "wall_s": 420.0}
{"done": 35, "n": 100, "em": 0.3714, "f1": 0.4333, "avg_tokens": 20840.5, "wall_s": 462.4}
{"done": 40, "n": 100, "em": 0.35, "f1": 0.4093, "avg_tokens": 25443.5, "wall_s": 575.4}
{"done": 45, "n": 100, "em": 0.3556, "f1": 0.4083, "avg_tokens": 26280.5, "wall_s": 652.4}
{"done": 50, "n": 100, "em": 0.42, "f1": 0.4674, "avg_tokens": 28687.4, "wall_s": 668.3}
{"done": 55, "n": 100, "em": 0.4182, "f1": 0.4833, "avg_tokens": 29382.4, "wall_s": 729.5}
{"done": 60, "n": 100, "em": 0.4167, "f1": 0.4944, "avg_tokens": 28193.0, "wall_s": 804.1}
{"done": 65, "n": 100, "em": 0.4, "f1": 0.484, "avg_tokens": 28718.2, "wall_s": 892.6}
{"done": 70, "n": 100, "em": 0.4, "f1": 0.4837, "avg_tokens": 29924.5, "wall_s": 1008.3}
{"done": 75, "n": 100, "em": 0.4, "f1": 0.4848, "avg_tokens": 31590.9, "wall_s": 1088.5}
{"done": 80, "n": 100, "em": 0.4125, "f1": 0.5004, "avg_tokens": 31484.8, "wall_s": 1191.7}
{"done": 85, "n": 100, "em": 0.4, "f1": 0.496, "avg_tokens": 32135.3, "wall_s": 1226.2}
{"done": 90, "n": 100, "em": 0.4, "f1": 0.4987, "avg_tokens": 32883.0, "wall_s": 1318.2}
{"done": 95, "n": 100, "em": 0.3895, "f1": 0.483, "avg_tokens": 33994.8, "wall_s": 1388.2}
{"done": 100, "n": 100, "em": 0.38, "f1": 0.4755, "avg_tokens": 36142.1, "wall_s": 1524.4}

SUMMARY: {
  "n": 100,
  "em": 0.38,
  "f1": 0.4755,
  "acc": 0.49,
  "avg_tokens": 36142.1,
  "avg_rounds": 2.22,
  "avg_wall_s": 262.98,
  "wall_clock_s": 1524.43,
  "error_count": 1,
  "config": {
    "width": 4,
    "max_depth": 4,
    "topk": 6,
    "concurrency": 20
  }
}
