{"done": 5, "n": 100, "em": 0.2, "f1": 0.2, "avg_tokens": 9465.8, "wall_s": 102.7}
{"done": 10, "n": 100, "em": 0.1, "f1": 0.2467, "avg_tokens": 10673.6, "wall_s": 131.3}
{"done": 15, "n": 100, "em": 0.0667, "f1": 0.2102, "avg_tokens": 11100.7, "wall_s": 200.6}
{"done": 20, "n": 100, "em": 0.1, "f1": 0.266, "avg_tokens": 11906.5, "wall_s": 235.0}
{"done": 25, "n": 100, "em": 0.08, "f1": 0.2428, "avg_tokens": 12976.0, "wall_s": 279.3}
{"done": 30, "n": 100, "em": 0.0667, "f1": 0.2485, "avg_tokens": 13808.2, "wall_s": 350.4}
{"done": 35, "n": 100, "em": 0.0857, "f1": 0.2606, "avg_tokens": 13487.8, "wall_s": 445.4}
{"done": 40, "n": 100, "em": 0.1, "f1": 0.253, "avg_tokens": 16889.8, "wall_s": 579.0}
{"done": 45, "n": 100, "em": 0.0889, "f1": 0.2471, "avg_tokens": 17978.9, "wall_s": 710.6}
{"done": 50, "n": 100, "em": 0.08, "f1": 0.2331, "avg_tokens": 18237.3, "wall_s": 830.0}
{"done": 55, "n": 100, "em": 0.0727, "f1": 0.2177, "avg_tokens": 22156.2, "wall_s": 888.2}
{"done": 60, "n": 100, "em": 0.1167, "f1": 0.2562, "avg_tokens": 24130.0, "wall_s": 987.2}
{"done": 65, "n": 100, "em": 0.1077, "f1": 0.2365, "avg_tokens": 25327.0, "wall_s": 1021.1}
{"done": 70, "n": 100, "em": 0.1143, "f1": 0.2446, "avg_tokens": 24626.9, "wall_s": 1106.2}
{"done": 75, "n": 100, "em": 0.12, "f1": 0.2531, "avg_tokens": 23792.8, "wall_s": 1143.4}
{"done": 80, "n": 100, "em": 0.15, "f1": 0.2748, "avg_tokens": 24541.0, "wall_s": 1211.1}
{"done": 85, "n": 100, "em": 0.1412, "f1": 0.262, "avg_tokens": 27728.7, "wall_s": 1243.4}
{"done": 90, "n": 100, "em": 0.1333, "f1": 0.2511, "avg_tokens": 28007.3, "wall_s": 1295.1}
{"done": 95, "n": 100, "em": 0.1368, "f1": 0.2491, "avg_tokens": 29691.8, "wall_s": 1425.3}
{"done": 100, "n": 100, "em": 0.13, "f1": 0.2455, "avg_tokens": 34392.0, "wall_s": 1728.4}

SUMMARY: {
  "n": 100,
  "em": 0.13,
  "f1": 0.2455,
  "acc": 0.16,
  "avg_tokens": 34392.0,
  "avg_rounds": 2.06,
  "avg_wall_s": 275.22,
  "wall_clock_s": 1728.39,
  "error_count": 0,
  "config": {
    "width": 4,
    "max_depth": 6,
    "topk": 6,
    "concurrency": 20
  }
}
