{"done": 5, "n": 100, "em": 0.2, "f1": 0.2571, "avg_tokens": 7630.2, "wall_s": 173.2}
{"done": 10, "n": 100, "em": 0.1, "f1": 0.1286, "avg_tokens": 13117.8, "wall_s": 350.9}
{"done": 15, "n": 100, "em": 0.0667, "f1": 0.0857, "avg_tokens": 14088.7, "wall_s": 410.5}
{"done": 20, "n": 100, "em": 0.1, "f1": 0.1676, "avg_tokens": 12571.1, "wall_s": 497.8}
{"done": 25, "n": 100, "em": 0.12, "f1": 0.1741, "avg_tokens": 12790.2, "wall_s": 617.4}
{"done": 30, "n": 100, "em": 0.1, "f1": 0.1617, "avg_tokens": 12492.0, "wall_s": 699.7}
{"done": 35, "n": 100, "em": 0.0857, "f1": 0.172, "avg_tokens": 11940.5, "wall_s": 843.2}
{"done": 40, "n": 100, "em": 0.1, "f1": 0.188, "avg_tokens": 12716.0, "wall_s": 938.3}
{"done": 45, "n": 100, "em": 0.0889, "f1": 0.1671, "avg_tokens": 13157.5, "wall_s": 1053.9}
{"done": 50, "n": 100, "em": 0.08, "f1": 0.1584, "avg_tokens": 13438.7, "wall_s": 1146.4}
{"done": 55, "n": 100, "em": 0.0727, "f1": 0.1531, "avg_tokens": 13936.1, "wall_s": 1276.6}
{"done": 60, "n": 100, "em": 0.0667, "f1": 0.1502, "avg_tokens": 14261.4, "wall_s": 1389.1}
{"done": 65, "n": 100, "em": 0.0769, "f1": 0.1602, "avg_tokens": 14158.3, "wall_s": 1510.1}
{"done": 70, "n": 100, "em": 0.0714, "f1": 0.1557, "avg_tokens": 13988.3, "wall_s": 1543.8}
{"done": 75, "n": 100, "em": 0.0667, "f1": 0.1488, "avg_tokens": 14086.1, "wall_s": 1607.8}
{"done": 80, "n": 100, "em": 0.075, "f1": 0.1583, "avg_tokens": 13824.3, "wall_s": 1699.3}
{"done": 85, "n": 100, "em": 0.0941, "f1": 0.1826, "avg_tokens": 13293.4, "wall_s": 1771.3}
{"done": 90, "n": 100, "em": 0.0889, "f1": 0.1725, "avg_tokens": 13182.2, "wall_s": 1863.2}
{"done": 95, "n": 100, "em": 0.0842, "f1": 0.1634, "avg_tokens": 13851.9, "wall_s": 2023.1}
{"done": 100, "n": 100, "em": 0.08, "f1": 0.1552, "avg_tokens": 14438.2, "wall_s": 2302.3}

SUMMARY: {
  "n": 100,
  "em": 0.08,
  "f1": 0.1552,
  "acc": 0.13,
  "avg_tokens": 14438.2,
  "avg_rounds": 4.98,
  "avg_wall_s": 167.13,
  "wall_clock_s": 2302.25,
  "error_count": 0,
  "config": {
    "width": 1,
    "max_depth": 8,
    "topk": 6,
    "concurrency": 8
  }
}
