{"done": 5, "n": 100, "em": 0.2, "f1": 0.28, "avg_tokens": 4229.6, "wall_s": 83.2}
{"done": 10, "n": 100, "em": 0.1, "f1": 0.14, "avg_tokens": 5957.9, "wall_s": 137.1}
{"done": 15, "n": 100, "em": 0.1333, "f1": 0.1805, "avg_tokens": 6699.2, "wall_s": 210.6}
{"done": 20, "n": 100, "em": 0.1, "f1": 0.1687, "avg_tokens": 7513.9, "wall_s": 264.7}
{"done": 25, "n": 100, "em": 0.16, "f1": 0.231, "avg_tokens": 6807.6, "wall_s": 285.9}
{"done": 30, "n": 100, "em": 0.1333, "f1": 0.1925, "avg_tokens": 6567.0, "wall_s": 326.4}
{"done": 35, "n": 100, "em": 0.1143, "f1": 0.1793, "avg_tokens": 6213.7, "wall_s": 365.1}
{"done": 40, "n": 100, "em": 0.125, "f1": 0.2235, "avg_tokens": 6148.6, "wall_s": 437.8}
{"done": 45, "n": 100, "em": 0.1111, "f1": 0.2076, "avg_tokens": 6274.0, "wall_s": 471.9}
{"done": 50, "n": 100, "em": 0.1, "f1": 0.1868, "avg_tokens": 6517.7, "wall_s": 530.4}
{"done": 55, "n": 100, "em": 0.0909, "f1": 0.1784, "avg_tokens": 6755.4, "wall_s": 618.8}
{"done": 60, "n": 100, "em": 0.0833, "f1": 0.1719, "avg_tokens": 6884.9, "wall_s": 668.8}
{"done": 65, "n": 100, "em": 0.0923, "f1": 0.1767, "avg_tokens": 6928.8, "wall_s": 738.9}
{"done": 70, "n": 100, "em": 0.0857, "f1": 0.171, "avg_tokens": 7159.1, "wall_s": 765.1}
{"done": 75, "n": 100, "em": 0.0933, "f1": 0.173, "avg_tokens": 6937.9, "wall_s": 808.7}
{"done": 80, "n": 100, "em": 0.1, "f1": 0.1809, "avg_tokens": 6748.2, "wall_s": 873.4}
{"done": 85, "n": 100, "em": 0.1059, "f1": 0.1909, "avg_tokens": 6604.1, "wall_s": 892.2}
{"done": 90, "n": 100, "em": 0.1111, "f1": 0.1958, "avg_tokens": 6607.7, "wall_s": 925.7}
{"done": 95, "n": 100, "em": 0.1053, "f1": 0.1855, "avg_tokens": 6659.9, "wall_s": 1011.3}
{"done": 100, "n": 100, "em": 0.1, "f1": 0.1762, "avg_tokens": 6954.6, "wall_s": 1096.2}

SUMMARY: {
  "n": 100,
  "em": 0.1,
  "f1": 0.1762,
  "acc": 0.14,
  "avg_tokens": 6954.6,
  "avg_rounds": 2.58,
  "avg_wall_s": 82.86,
  "wall_clock_s": 1096.22,
  "error_count": 0,
  "config": {
    "width": 1,
    "max_depth": 4,
    "topk": 6,
    "concurrency": 8
  }
}
