{"done": 5, "n": 100, "em": 0.2, "f1": 0.3371, "avg_tokens": 7102.6, "wall_s": 138.8}
{"done": 10, "n": 100, "em": 0.1, "f1": 0.1686, "avg_tokens": 10603.0, "wall_s": 279.2}
{"done": 15, "n": 100, "em": 0.0667, "f1": 0.1624, "avg_tokens": 10897.1, "wall_s": 307.3}
{"done": 20, "n": 100, "em": 0.1, "f1": 0.2051, "avg_tokens": 10303.8, "wall_s": 337.8}
{"done": 25, "n": 100, "em": 0.12, "f1": 0.2201, "avg_tokens": 9504.4, "wall_s": 378.4}
{"done": 30, "n": 100, "em": 0.1, "f1": 0.1834, "avg_tokens": 10429.2, "wall_s": 566.6}
{"done": 35, "n": 100, "em": 0.0857, "f1": 0.1715, "avg_tokens": 9859.8, "wall_s": 596.3}
{"done": 40, "n": 100, "em": 0.1, "f1": 0.2042, "avg_tokens": 9821.6, "wall_s": 662.7}
{"done": 45, "n": 100, "em": 0.0889, "f1": 0.2015, "avg_tokens": 10104.7, "wall_s": 782.0}
{"done": 50, "n": 100, "em": 0.08, "f1": 0.1814, "avg_tokens": 10097.9, "wall_s": 883.1}
{"done": 55, "n": 100, "em": 0.0727, "f1": 0.1798, "avg_tokens": 10271.5, "wall_s": 986.9}
{"done": 60, "n": 100, "em": 0.0667, "f1": 0.1731, "avg_tokens": 10709.1, "wall_s": 1039.6}
{"done": 65, "n": 100, "em": 0.0769, "f1": 0.1803, "avg_tokens": 10707.4, "wall_s": 1183.2}
{"done": 70, "n": 100, "em": 0.0714, "f1": 0.1687, "avg_tokens": 10686.0, "wall_s": 1227.8}
{"done": 75, "n": 100, "em": 0.0667, "f1": 0.161, "avg_tokens": 10593.0, "wall_s": 1264.9}
{"done": 80, "n": 100, "em": 0.075, "f1": 0.1697, "avg_tokens": 10308.9, "wall_s": 1294.9}
{"done": 85, "n": 100, "em": 0.0824, "f1": 0.1803, "avg_tokens": 10330.3, "wall_s": 1377.0}
{"done": 90, "n": 100, "em": 0.0889, "f1": 0.1824, "avg_tokens": 10018.6, "wall_s": 1416.9}
{"done": 95, "n": 100, "em": 0.0842, "f1": 0.1728, "avg_tokens": 10022.6, "wall_s": 1460.8}
{"done": 100, "n": 100, "em": 0.08, "f1": 0.1641, "avg_tokens": 10523.5, "wall_s": 1680.3}

SUMMARY: {
  "n": 100,
  "em": 0.08,
  "f1": 0.1641,
  "acc": 0.14,
  "avg_tokens": 10523.5,
  "avg_rounds": 3.7,
  "avg_wall_s": 121.12,
  "wall_clock_s": 1680.31,
  "error_count": 0,
  "config": {
    "width": 1,
    "max_depth": 6,
    "topk": 6,
    "concurrency": 8
  }
}
