{"done": 5, "n": 100, "em": 0.4, "f1": 0.44, "avg_tokens": 1688.0, "wall_s": 11.1}
{"done": 10, "n": 100, "em": 0.4, "f1": 0.47, "avg_tokens": 1759.2, "wall_s": 16.7}
{"done": 15, "n": 100, "em": 0.4667, "f1": 0.5356, "avg_tokens": 1814.0, "wall_s": 24.8}
{"done": 20, "n": 100, "em": 0.4, "f1": 0.4917, "avg_tokens": 1953.6, "wall_s": 33.3}
{"done": 25, "n": 100, "em": 0.44, "f1": 0.5133, "avg_tokens": 1938.0, "wall_s": 39.2}
{"done": 30, "n": 100, "em": 0.4, "f1": 0.4944, "avg_tokens": 2042.5, "wall_s": 57.6}
{"done": 35, "n": 100, "em": 0.4286, "f1": 0.5381, "avg_tokens": 2036.6, "wall_s": 71.6}
{"done": 40, "n": 100, "em": 0.425, "f1": 0.5375, "avg_tokens": 2132.4, "wall_s": 87.1}
{"done": 45, "n": 100, "em": 0.4222, "f1": 0.5325, "avg_tokens": 2348.6, "wall_s": 98.4}
{"done": 50, "n": 100, "em": 0.46, "f1": 0.5726, "avg_tokens": 2319.3, "wall_s": 109.9}
{"done": 55, "n": 100, "em": 0.4364, "f1": 0.5569, "avg_tokens": 2702.2, "wall_s": 132.3}
{"done": 60, "n": 100, "em": 0.4167, "f1": 0.5271, "avg_tokens": 3354.8, "wall_s": 160.0}
{"done": 65, "n": 100, "em": 0.4, "f1": 0.502, "avg_tokens": 3311.6, "wall_s": 181.5}
{"done": 70, "n": 100, "em": 0.4, "f1": 0.4983, "avg_tokens": 3596.3, "wall_s": 210.3}
{"done": 75, "n": 100, "em": 0.4, "f1": 0.5024, "avg_tokens": 3880.9, "wall_s": 220.8}
{"done": 80, "n": 100, "em": 0.3875, "f1": 0.4935, "avg_tokens": 4022.6, "wall_s": 241.3}
{"done": 85, "n": 100, "em": 0.4118, "f1": 0.5115, "avg_tokens": 3909.9, "wall_s": 261.6}
{"done": 90, "n": 100, "em": 0.4, "f1": 0.5009, "avg_tokens": 4283.2, "wall_s": 281.1}
{"done": 95, "n": 100, "em": 0.3895, "f1": 0.485, "avg_tokens": 4512.3, "wall_s": 328.2}
{"done": 100, "n": 100, "em": 0.37, "f1": 0.4708, "avg_tokens": 5231.8, "wall_s": 404.9}

SUMMARY: {
  "n": 100,
  "em": 0.37,
  "f1": 0.4708,
  "acc": 0.44,
  "avg_tokens": 5231.8,
  "avg_rounds": 2.21,
  "avg_wall_s": 34.24,
  "wall_clock_s": 404.92,
  "error_count": 0,
  "config": {
    "width": 1,
    "max_depth": 6,
    "topk": 6,
    "concurrency": 10
  }
}
