{"done": 5, "n": 100, "em": 0.2, "f1": 0.4889, "avg_tokens": 5679.0, "wall_s": 64.0}
{"done": 10, "n": 100, "em": 0.5, "f1": 0.7111, "avg_tokens": 8939.7, "wall_s": 144.2}
{"done": 15, "n": 100, "em": 0.4667, "f1": 0.6074, "avg_tokens": 9652.7, "wall_s": 238.3}
{"done": 20, "n": 100, "em": 0.4, "f1": 0.5056, "avg_tokens": 13933.8, "wall_s": 318.6}
{"done": 25, "n": 100, "em": 0.32, "f1": 0.4044, "avg_tokens": 15167.9, "wall_s": 449.4}
{"done": 30, "n": 100, "em": 0.3333, "f1": 0.4204, "avg_tokens": 15865.6, "wall_s": 538.4}
{"done": 35, "n": 100, "em": 0.3714, "f1": 0.452, "avg_tokens": 16577.8, "wall_s": 665.7}
{"done": 40, "n": 100, "em": 0.375, "f1": 0.4455, "avg_tokens": 18171.2, "wall_s": 765.5}
{"done": 45, "n": 100, "em": 0.3333, "f1": 0.4217, "avg_tokens": 17692.1, "wall_s": 866.8}
{"done": 50, "n": 100, "em": 0.34, "f1": 0.4435, "avg_tokens": 18107.8, "wall_s": 949.1}
{"done": 55, "n": 100, "em": 0.3636, "f1": 0.4578, "avg_tokens": 17811.7, "wall_s": 1039.2}
{"done": 60, "n": 100, "em": 0.3667, "f1": 0.4707, "avg_tokens": 17861.3, "wall_s": 1187.7}
{"done": 65, "n": 100, "em": 0.3692, "f1": 0.4704, "avg_tokens": 18769.4, "wall_s": 1217.8}
{"done": 70, "n": 100, "em": 0.3429, "f1": 0.4543, "avg_tokens": 17938.1, "wall_s": 1266.4}
{"done": 75, "n": 100, "em": 0.3333, "f1": 0.4594, "avg_tokens": 17688.0, "wall_s": 1351.6}
{"done": 80, "n": 100, "em": 0.35, "f1": 0.4732, "avg_tokens": 18278.7, "wall_s": 1581.0}
{"done": 85, "n": 100, "em": 0.3529, "f1": 0.4748, "avg_tokens": 18560.5, "wall_s": 1642.9}
{"done": 90, "n": 100, "em": 0.3667, "f1": 0.4906, "avg_tokens": 18335.7, "wall_s": 1697.7}
{"done": 95, "n": 100, "em": 0.3579, "f1": 0.4829, "avg_tokens": 18078.6, "wall_s": 1770.5}
{"done": 100, "n": 100, "em": 0.35, "f1": 0.4834, "avg_tokens": 19048.0, "wall_s": 1998.4}

SUMMARY: {
  "n": 100,
  "em": 0.35,
  "f1": 0.4834,
  "acc": 0.5,
  "avg_tokens": 19048.0,
  "avg_rounds": 2.26,
  "avg_wall_s": 147.77,
  "wall_clock_s": 1998.43,
  "error_count": 0,
  "config": {
    "width": 2,
    "max_depth": 4,
    "topk": 6,
    "concurrency": 8
  }
}
