{"done": 5, "n": 100, "em": 0.4, "f1": 0.5667, "avg_tokens": 5054.2, "wall_s": 41.7}
{"done": 10, "n": 100, "em": 0.3, "f1": 0.3833, "avg_tokens": 6345.8, "wall_s": 60.3}
{"done": 15, "n": 100, "em": 0.4, "f1": 0.5089, "avg_tokens": 6539.5, "wall_s": 88.8}
{"done": 20, "n": 100, "em": 0.45, "f1": 0.5317, "avg_tokens": 7165.0, "wall_s": 111.8}
{"done": 25, "n": 100, "em": 0.48, "f1": 0.5453, "avg_tokens": 7193.2, "wall_s": 141.0}
{"done": 30, "n": 100, "em": 0.4333, "f1": 0.5144, "avg_tokens": 7519.6, "wall_s": 165.8}
{"done": 35, "n": 100, "em": 0.4, "f1": 0.4838, "avg_tokens": 8027.7, "wall_s": 190.5}
{"done": 40, "n": 100, "em": 0.4, "f1": 0.515, "avg_tokens": 7807.0, "wall_s": 217.8}
{"done": 45, "n": 100, "em": 0.3778, "f1": 0.4948, "avg_tokens": 8040.4, "wall_s": 242.8}
{"done": 50, "n": 100, "em": 0.38, "f1": 0.492, "avg_tokens": 8036.7, "wall_s": 268.5}
{"done": 55, "n": 100, "em": 0.4182, "f1": 0.52, "avg_tokens": 8312.0, "wall_s": 305.8}
{"done": 60, "n": 100, "em": 0.4, "f1": 0.5017, "avg_tokens": 8276.3, "wall_s": 361.6}
{"done": 65, "n": 100, "em": 0.3846, "f1": 0.4879, "avg_tokens": 8493.8, "wall_s": 381.7}
{"done": 70, "n": 100, "em": 0.3714, "f1": 0.4678, "avg_tokens": 8930.0, "wall_s": 402.3}
{"done": 75, "n": 100, "em": 0.3733, "f1": 0.4667, "avg_tokens": 8891.7, "wall_s": 444.5}
{"done": 80, "n": 100, "em": 0.375, "f1": 0.4725, "avg_tokens": 8860.4, "wall_s": 465.4}
{"done": 85, "n": 100, "em": 0.3647, "f1": 0.4565, "avg_tokens": 9034.1, "wall_s": 490.7}
{"done": 90, "n": 100, "em": 0.3778, "f1": 0.4681, "avg_tokens": 8867.8, "wall_s": 507.6}
{"done": 95, "n": 100, "em": 0.3789, "f1": 0.4709, "avg_tokens": 8794.0, "wall_s": 531.8}
{"done": 100, "n": 100, "em": 0.37, "f1": 0.4651, "avg_tokens": 9034.8, "wall_s": 584.3}

SUMMARY: {
  "n": 100,
  "em": 0.37,
  "f1": 0.4651,
  "acc": 0.43,
  "avg_tokens": 9034.8,
  "avg_rounds": 1.32,
  "avg_wall_s": 54.12,
  "wall_clock_s": 584.32,
  "error_count": 0,
  "config": {
    "width": 2,
    "max_depth": 2,
    "topk": 6,
    "concurrency": 10
  }
}
