{"done": 5, "n": 100, "em": 0.0, "f1": 0.2933, "avg_tokens": 8235.2, "wall_s": 104.5}
{"done": 10, "n": 100, "em": 0.1, "f1": 0.2467, "avg_tokens": 10187.4, "wall_s": 171.1}
{"done": 15, "n": 100, "em": 0.1333, "f1": 0.2533, "avg_tokens": 10195.4, "wall_s": 220.8}
{"done": 20, "n": 100, "em": 0.1, "f1": 0.19, "avg_tokens": 11363.2, "wall_s": 269.2}
{"done": 25, "n": 100, "em": 0.12, "f1": 0.2117, "avg_tokens": 10701.6, "wall_s": 331.6}
{"done": 30, "n": 100, "em": 0.1, "f1": 0.2004, "avg_tokens": 10607.3, "wall_s": 380.6}
{"done": 35, "n": 100, "em": 0.0857, "f1": 0.1718, "avg_tokens": 10980.7, "wall_s": 491.8}
{"done": 40, "n": 100, "em": 0.075, "f1": 0.1795, "avg_tokens": 11204.3, "wall_s": 562.1}
{"done": 45, "n": 100, "em": 0.0889, "f1": 0.1929, "avg_tokens": 10933.2, "wall_s": 608.3}
{"done": 50, "n": 100, "em": 0.08, "f1": 0.1786, "avg_tokens": 11107.1, "wall_s": 697.8}
{"done": 55, "n": 100, "em": 0.0727, "f1": 0.1623, "avg_tokens": 11236.5, "wall_s": 758.0}
{"done": 60, "n": 100, "em": 0.0667, "f1": 0.1581, "avg_tokens": 11274.5, "wall_s": 801.9}
{"done": 65, "n": 100, "em": 0.0615, "f1": 0.1547, "avg_tokens": 11373.2, "wall_s": 897.8}
{"done": 70, "n": 100, "em": 0.0857, "f1": 0.1722, "avg_tokens": 11422.3, "wall_s": 951.1}
{"done": 75, "n": 100, "em": 0.08, "f1": 0.1687, "avg_tokens": 11339.7, "wall_s": 1008.5}
{"done": 80, "n": 100, "em": 0.075, "f1": 0.1582, "avg_tokens": 11644.5, "wall_s": 1084.7}
{"done": 85, "n": 100, "em": 0.1059, "f1": 0.1967, "avg_tokens": 11736.8, "wall_s": 1142.5}
{"done": 90, "n": 100, "em": 0.1222, "f1": 0.208, "avg_tokens": 11672.8, "wall_s": 1179.9}
{"done": 95, "n": 100, "em": 0.1158, "f1": 0.2055, "avg_tokens": 11627.8, "wall_s": 1251.9}
{"done": 100, "n": 100, "em": 0.11, "f1": 0.1952, "avg_tokens": 11863.3, "wall_s": 1314.3}

SUMMARY: {
  "n": 100,
  "em": 0.11,
  "f1": 0.1952,
  "acc": 0.13,
  "avg_tokens": 11863.3,
  "avg_rounds": 1.53,
  "avg_wall_s": 101.35,
  "wall_clock_s": 1314.27,
  "error_count": 0,
  "config": {
    "width": 2,
    "max_depth": 2,
    "topk": 6,
    "concurrency": 8
  }
}
