{"done": 5, "n": 100, "em": 0.2, "f1": 0.2, "avg_tokens": 9593.8, "wall_s": 106.4}
{"done": 10, "n": 100, "em": 0.1, "f1": 0.2467, "avg_tokens": 10695.0, "wall_s": 116.3}
{"done": 15, "n": 100, "em": 0.1333, "f1": 0.2311, "avg_tokens": 11125.3, "wall_s": 178.9}
{"done": 20, "n": 100, "em": 0.2, "f1": 0.36, "avg_tokens": 11012.1, "wall_s": 205.8}
{"done": 25, "n": 100, "em": 0.16, "f1": 0.288, "avg_tokens": 12016.8, "wall_s": 259.5}
{"done": 30, "n": 100, "em": 0.1333, "f1": 0.2844, "avg_tokens": 12340.1, "wall_s": 367.5}
{"done": 35, "n": 100, "em": 0.1143, "f1": 0.2667, "avg_tokens": 14221.7, "wall_s": 484.6}
{"done": 40, "n": 100, "em": 0.1, "f1": 0.2353, "avg_tokens": 19587.2, "wall_s": 568.2}
{"done": 45, "n": 100, "em": 0.0889, "f1": 0.2421, "avg_tokens": 23653.3, "wall_s": 602.8}
{"done": 50, "n": 100, "em": 0.08, "f1": 0.2354, "avg_tokens": 22753.0, "wall_s": 707.0}
{"done": 55, "n": 100, "em": 0.0727, "f1": 0.2202, "avg_tokens": 23289.3, "wall_s": 753.7}
{"done": 60, "n": 100, "em": 0.1, "f1": 0.2419, "avg_tokens": 24497.5, "wall_s": 824.6}
{"done": 65, "n": 100, "em": 0.0923, "f1": 0.2249, "avg_tokens": 26393.6, "wall_s": 851.4}
{"done": 70, "n": 100, "em": 0.1, "f1": 0.2374, "avg_tokens": 26592.0, "wall_s": 891.4}
{"done": 75, "n": 100, "em": 0.12, "f1": 0.2482, "avg_tokens": 26228.6, "wall_s": 942.8}
{"done": 80, "n": 100, "em": 0.1375, "f1": 0.2784, "avg_tokens": 25385.0, "wall_s": 992.6}
{"done": 85, "n": 100, "em": 0.1294, "f1": 0.2621, "avg_tokens": 26103.4, "wall_s": 1061.7}
{"done": 90, "n": 100, "em": 0.1333, "f1": 0.2623, "avg_tokens": 25904.5, "wall_s": 1100.7}
{"done": 95, "n": 100, "em": 0.1263, "f1": 0.2485, "avg_tokens": 27306.9, "wall_s": 1156.4}
{"done": 100, "n": 100, "em": 0.12, "f1": 0.2441, "avg_tokens": 29467.0, "wall_s": 1279.7}

SUMMARY: {
  "n": 100,
  "em": 0.12,
  "f1": 0.2441,
  "acc": 0.16,
  "avg_tokens": 29467.0,
  "avg_rounds": 1.83,
  "avg_wall_s": 224.64,
  "wall_clock_s": 1279.66,
  "error_count": 0,
  "config": {
    "width": 4,
    "max_depth": 4,
    "topk": 6,
    "concurrency": 20
  }
}
