{"done": 5, "n": 100, "em": 0.2, "f1": 0.2889, "avg_tokens": 4176.4, "wall_s": 35.2}
{"done": 10, "n": 100, "em": 0.6, "f1": 0.6444, "avg_tokens": 5789.2, "wall_s": 95.1}
{"done": 15, "n": 100, "em": 0.5333, "f1": 0.563, "avg_tokens": 5836.0, "wall_s": 163.7}
{"done": 20, "n": 100, "em": 0.45, "f1": 0.4722, "avg_tokens": 7040.7, "wall_s": 221.8}
{"done": 25, "n": 100, "em": 0.44, "f1": 0.4578, "avg_tokens": 7209.5, "wall_s": 249.8}
{"done": 30, "n": 100, "em": 0.4333, "f1": 0.4648, "avg_tokens": 7735.4, "wall_s": 319.4}
{"done": 35, "n": 100, "em": 0.4, "f1": 0.427, "avg_tokens": 9357.7, "wall_s": 360.5}
{"done": 40, "n": 100, "em": 0.35, "f1": 0.3736, "avg_tokens": 9444.9, "wall_s": 423.3}
{"done": 45, "n": 100, "em": 0.3556, "f1": 0.3765, "avg_tokens": 9469.0, "wall_s": 587.5}
{"done": 50, "n": 100, "em": 0.38, "f1": 0.3989, "avg_tokens": 10208.3, "wall_s": 660.1}
{"done": 55, "n": 100, "em": 0.3455, "f1": 0.3739, "avg_tokens": 9998.7, "wall_s": 755.7}
{"done": 60, "n": 100, "em": 0.3333, "f1": 0.3594, "avg_tokens": 10731.8, "wall_s": 821.9}
{"done": 65, "n": 100, "em": 0.3385, "f1": 0.3757, "avg_tokens": 10829.4, "wall_s": 911.1}
{"done": 70, "n": 100, "em": 0.3286, "f1": 0.3663, "avg_tokens": 10755.4, "wall_s": 1027.4}
{"done": 75, "n": 100, "em": 0.32, "f1": 0.3748, "avg_tokens": 10900.9, "wall_s": 1103.2}
{"done": 80, "n": 100, "em": 0.3, "f1": 0.3514, "avg_tokens": 11464.9, "wall_s": 1216.7}
{"done": 85, "n": 100, "em": 0.2824, "f1": 0.3538, "avg_tokens": 11013.5, "wall_s": 1304.1}
{"done": 90, "n": 100, "em": 0.2889, "f1": 0.3596, "avg_tokens": 11351.8, "wall_s": 1382.4}
{"done": 95, "n": 100, "em": 0.2842, "f1": 0.3588, "avg_tokens": 11036.3, "wall_s": 1446.1}
{"done": 100, "n": 100, "em": 0.3, "f1": 0.3708, "avg_tokens": 11786.2, "wall_s": 1699.8}

SUMMARY: {
  "n": 100,
  "em": 0.3,
  "f1": 0.3708,
  "acc": 0.36,
  "avg_tokens": 11786.2,
  "avg_rounds": 4.5,
  "avg_wall_s": 122.33,
  "wall_clock_s": 1699.8,
  "error_count": 0,
  "config": {
    "width": 1,
    "max_depth": 8,
    "topk": 6,
    "concurrency": 8
  }
}
