{"ds": "musique", "done": 25, "n": 100, "em_running": 0.28, "wall_s": 80.3}
{"ds": "musique", "done": 50, "n": 100, "em_running": 0.22, "wall_s": 139.2}
{"ds": "musique", "done": 75, "n": 100, "em_running": 0.1733, "wall_s": 209.0}
{"ds": "musique", "done": 100, "n": 100, "em_running": 0.18, "wall_s": 304.6}
[done] musique: {"n": 100, "norm_em": 0.18, "token_f1": 0.2465, "contain": 0.21, "mean_quality": 0.8887, "mean_efficiency": 0.3456, "mean_composite": 0.6425, "mean_tokens": 9540.2, "mean_elapsed_s": 21.86, "mean_nodes": 2.48, "route_dist": {"hard": 91, "easy": 9}, "topology_dist": {"dag_n2": 41, "single_hop": 6, "easy_lane": 9, "dag_n3": 29, "dag_n4": 12, "dag_n5": 2, "dag_n6": 1}, "profile_dist": {"temporal": 31, "one_hop": 9, "bridge_3hop_plus": 16, "numeric": 10, "bridge_2hop": 33, "parallel_compare": 1}, "topology_mutated_rate": 0.0, "easy_route_fraction": 0.09, "easy_route_norm_em": 0.1111, "easy_route_mean_tokens": 2405.1, "wall_clock_s": 304.6}
{"ds": "2wikimultihop", "done": 25, "n": 100, "em_running": 0.28, "wall_s": 36.6}
{"ds": "2wikimultihop", "done": 50, "n": 100, "em_running": 0.22, "wall_s": 99.5}
{"ds": "2wikimultihop", "done": 75, "n": 100, "em_running": 0.24, "wall_s": 149.5}
{"ds": "2wikimultihop", "done": 100, "n": 100, "em_running": 0.22, "wall_s": 196.7}
[done] 2wikimultihop: {"n": 100, "norm_em": 0.22, "token_f1": 0.277, "contain": 0.3, "mean_quality": 0.9458, "mean_efficiency": 0.4499, "mean_composite": 0.7403, "mean_tokens": 7440.2, "mean_elapsed_s": 15.24, "mean_nodes": 1.91, "route_dist": {"hard": 69, "easy": 31}, "topology_dist": {"single_hop": 13, "easy_lane": 31, "dag_n2": 37, "dag_n4": 4, "dag_n5": 6, "dag_n3": 9}, "profile_dist": {"one_hop": 26, "bridge_3hop_plus": 9, "yes_no": 14, "parallel_compare": 6, "bridge_2hop": 44, "temporal": 1}, "topology_mutated_rate": 0.0, "easy_route_fraction": 0.31, "easy_route_norm_em": 0.2581, "easy_route_mean_tokens": 3333.7, "wall_clock_s": 208.13}
{"ds": "hotpotqa", "done": 25, "n": 100, "em_running": 0.36, "wall_s": 40.1}
{"ds": "hotpotqa", "done": 50, "n": 100, "em_running": 0.34, "wall_s": 83.7}
{"ds": "hotpotqa", "done": 75, "n": 100, "em_running": 0.3467, "wall_s": 138.3}
{"ds": "hotpotqa", "done": 100, "n": 100, "em_running": 0.34, "wall_s": 185.1}
[done] hotpotqa: {"n": 100, "norm_em": 0.35, "token_f1": 0.4438, "contain": 0.35, "mean_quality": 1.1464, "mean_efficiency": 0.5038, "mean_composite": 0.9246, "mean_tokens": 6517.1, "mean_elapsed_s": 14.51, "mean_nodes": 1.76, "route_dist": {"easy": 38, "hard": 62}, "topology_dist": {"easy_lane": 38, "dag_n3": 12, "dag_n2": 46, "single_hop": 2, "dag_n4": 2}, "profile_dist": {"bridge_2hop": 47, "bridge_3hop_plus": 11, "temporal": 10, "parallel_compare": 11, "one_hop": 10, "yes_no": 4, "numeric": 7}, "topology_mutated_rate": 0.0, "easy_route_fraction": 0.38, "easy_route_norm_em": 0.4474, "easy_route_mean_tokens": 2090.4, "wall_clock_s": 200.39}
{"ds": "bamboogle", "done": 25, "n": 100, "em_running": 0.2, "wall_s": 52.2}
{"ds": "bamboogle", "done": 50, "n": 100, "em_running": 0.22, "wall_s": 95.9}
{"ds": "bamboogle", "done": 75, "n": 100, "em_running": 0.2, "wall_s": 137.9}
{"ds": "bamboogle", "done": 100, "n": 100, "em_running": 0.2, "wall_s": 186.2}
[done] bamboogle: {"n": 100, "norm_em": 0.2, "token_f1": 0.3682, "contain": 0.25, "mean_quality": 1.0396, "mean_efficiency": 0.4352, "mean_composite": 0.8012, "mean_tokens": 6946.9, "mean_elapsed_s": 14.3, "mean_nodes": 1.66, "route_dist": {"hard": 92, "easy": 8}, "topology_dist": {"dag_n2": 60, "single_hop": 29, "easy_lane": 8, "dag_n3": 3}, "profile_dist": {"bridge_2hop": 39, "temporal": 21, "one_hop": 27, "bridge_3hop_plus": 5, "parallel_compare": 2, "numeric": 6}, "topology_mutated_rate": 0.0, "easy_route_fraction": 0.08, "easy_route_norm_em": 0.25, "easy_route_mean_tokens": 2601.2, "wall_clock_s": 186.25}

ALL: {
  "musique": {
    "n": 100,
    "norm_em": 0.18,
    "token_f1": 0.2465,
    "contain": 0.21,
    "mean_quality": 0.8887,
    "mean_efficiency": 0.3456,
    "mean_composite": 0.6425,
    "mean_tokens": 9540.2,
    "mean_elapsed_s": 21.86,
    "mean_nodes": 2.48,
    "route_dist": {
      "hard": 91,
      "easy": 9
    },
    "topology_dist": {
      "dag_n2": 41,
      "single_hop": 6,
      "easy_lane": 9,
      "dag_n3": 29,
      "dag_n4": 12,
      "dag_n5": 2,
      "dag_n6": 1
    },
    "profile_dist": {
      "temporal": 31,
      "one_hop": 9,
      "bridge_3hop_plus": 16,
      "numeric": 10,
      "bridge_2hop": 33,
      "parallel_compare": 1
    },
    "topology_mutated_rate": 0.0,
    "easy_route_fraction": 0.09,
    "easy_route_norm_em": 0.1111,
    "easy_route_mean_tokens": 2405.1,
    "wall_clock_s": 304.6
  },
  "2wikimultihop": {
    "n": 100,
    "norm_em": 0.22,
    "token_f1": 0.277,
    "contain": 0.3,
    "mean_quality": 0.9458,
    "mean_efficiency": 0.4499,
    "mean_composite": 0.7403,
    "mean_tokens": 7440.2,
    "mean_elapsed_s": 15.24,
    "mean_nodes": 1.91,
    "route_dist": {
      "hard": 69,
      "easy": 31
    },
    "topology_dist": {
      "single_hop": 13,
      "easy_lane": 31,
      "dag_n2": 37,
      "dag_n4": 4,
      "dag_n5": 6,
      "dag_n3": 9
    },
    "profile_dist": {
      "one_hop": 26,
      "bridge_3hop_plus": 9,
      "yes_no": 14,
      "parallel_compare": 6,
      "bridge_2hop": 44,
      "temporal": 1
    },
    "topology_mutated_rate": 0.0,
    "easy_route_fraction": 0.31,
    "easy_route_norm_em": 0.2581,
    "easy_route_mean_tokens": 3333.7,
    "wall_clock_s": 208.13
  },
  "hotpotqa": {
    "n": 100,
    "norm_em": 0.35,
    "token_f1": 0.4438,
    "contain": 0.35,
    "mean_quality": 1.1464,
    "mean_efficiency": 0.5038,
    "mean_composite": 0.9246,
    "mean_tokens": 6517.1,
    "mean_elapsed_s": 14.51,
    "mean_nodes": 1.76,
    "route_dist": {
      "easy": 38,
      "hard": 62
    },
    "topology_dist": {
      "easy_lane": 38,
      "dag_n3": 12,
      "dag_n2": 46,
      "single_hop": 2,
      "dag_n4": 2
    },
    "profile_dist": {
      "bridge_2hop": 47,
      "bridge_3hop_plus": 11,
      "temporal": 10,
      "parallel_compare": 11,
      "one_hop": 10,
      "yes_no": 4,
      "numeric": 7
    },
    "topology_mutated_rate": 0.0,
    "easy_route_fraction": 0.38,
    "easy_route_norm_em": 0.4474,
    "easy_route_mean_tokens": 2090.4,
    "wall_clock_s": 200.39
  },
  "bamboogle": {
    "n": 100,
    "norm_em": 0.2,
    "token_f1": 0.3682,
    "contain": 0.25,
    "mean_quality": 1.0396,
    "mean_efficiency": 0.4352,
    "mean_composite": 0.8012,
    "mean_tokens": 6946.9,
    "mean_elapsed_s": 14.3,
    "mean_nodes": 1.66,
    "route_dist": {
      "hard": 92,
      "easy": 8
    },
    "topology_dist": {
      "dag_n2": 60,
      "single_hop": 29,
      "easy_lane": 8,
      "dag_n3": 3
    },
    "profile_dist": {
      "bridge_2hop": 39,
      "temporal": 21,
      "one_hop": 27,
      "bridge_3hop_plus": 5,
      "parallel_compare": 2,
      "numeric": 6
    },
    "topology_mutated_rate": 0.0,
    "easy_route_fraction": 0.08,
    "easy_route_norm_em": 0.25,
    "easy_route_mean_tokens": 2601.2,
    "wall_clock_s": 186.25
  }
}
