{"done": 5, "n": 100, "em": 0.2, "f1": 0.32, "avg_tokens": 9890.2, "wall_s": 61.8}
{"done": 10, "n": 100, "em": 0.3, "f1": 0.3933, "avg_tokens": 10622.7, "wall_s": 86.2}
{"done": 15, "n": 100, "em": 0.2, "f1": 0.3156, "avg_tokens": 10662.1, "wall_s": 124.4}
{"done": 20, "n": 100, "em": 0.25, "f1": 0.3617, "avg_tokens": 10569.8, "wall_s": 155.4}
{"done": 25, "n": 100, "em": 0.32, "f1": 0.4093, "avg_tokens": 12086.2, "wall_s": 199.9}
{"done": 30, "n": 100, "em": 0.3333, "f1": 0.4411, "avg_tokens": 13094.4, "wall_s": 224.7}
{"done": 35, "n": 100, "em": 0.3143, "f1": 0.4352, "avg_tokens": 12575.8, "wall_s": 263.4}
{"done": 40, "n": 100, "em": 0.325, "f1": 0.4475, "avg_tokens": 13562.1, "wall_s": 297.4}
{"done": 45, "n": 100, "em": 0.3111, "f1": 0.4463, "avg_tokens": 13807.6, "wall_s": 352.6}
{"done": 50, "n": 100, "em": 0.32, "f1": 0.4416, "avg_tokens": 14304.7, "wall_s": 393.1}
{"done": 55, "n": 100, "em": 0.3455, "f1": 0.456, "avg_tokens": 14016.9, "wall_s": 433.1}
{"done": 60, "n": 100, "em": 0.3333, "f1": 0.443, "avg_tokens": 14495.3, "wall_s": 535.6}
{"done": 65, "n": 100, "em": 0.3385, "f1": 0.4397, "avg_tokens": 15514.3, "wall_s": 563.6}
{"done": 70, "n": 100, "em": 0.3429, "f1": 0.445, "avg_tokens": 16267.7, "wall_s": 602.0}
{"done": 75, "n": 100, "em": 0.36, "f1": 0.4587, "avg_tokens": 16197.2, "wall_s": 629.6}
{"done": 80, "n": 100, "em": 0.3625, "f1": 0.465, "avg_tokens": 16131.9, "wall_s": 675.7}
{"done": 85, "n": 100, "em": 0.3412, "f1": 0.4377, "avg_tokens": 16278.6, "wall_s": 699.1}
{"done": 90, "n": 100, "em": 0.3556, "f1": 0.4467, "avg_tokens": 15997.8, "wall_s": 741.2}
{"done": 95, "n": 100, "em": 0.3684, "f1": 0.4611, "avg_tokens": 15724.4, "wall_s": 774.3}
{"done": 100, "n": 100, "em": 0.36, "f1": 0.458, "avg_tokens": 16068.6, "wall_s": 883.0}

SUMMARY: {
  "n": 100,
  "em": 0.36,
  "f1": 0.458,
  "acc": 0.44,
  "avg_tokens": 16068.6,
  "avg_rounds": 1.26,
  "avg_wall_s": 78.79,
  "wall_clock_s": 883.03,
  "error_count": 0,
  "config": {
    "width": 4,
    "max_depth": 2,
    "topk": 6,
    "concurrency": 10
  }
}
