{"done": 5, "n": 100, "em": 0.2, "f1": 0.2, "avg_tokens": 9598.4, "wall_s": 100.4}
{"done": 10, "n": 100, "em": 0.1, "f1": 0.2467, "avg_tokens": 10551.6, "wall_s": 121.0}
{"done": 15, "n": 100, "em": 0.1333, "f1": 0.2768, "avg_tokens": 11315.1, "wall_s": 176.6}
{"done": 20, "n": 100, "em": 0.15, "f1": 0.291, "avg_tokens": 12853.4, "wall_s": 204.5}
{"done": 25, "n": 100, "em": 0.16, "f1": 0.2994, "avg_tokens": 13601.7, "wall_s": 259.2}
{"done": 30, "n": 100, "em": 0.1333, "f1": 0.2745, "avg_tokens": 14890.1, "wall_s": 273.4}
{"done": 35, "n": 100, "em": 0.1143, "f1": 0.2353, "avg_tokens": 15845.8, "wall_s": 310.7}
{"done": 40, "n": 100, "em": 0.1, "f1": 0.2391, "avg_tokens": 15772.8, "wall_s": 347.1}
{"done": 45, "n": 100, "em": 0.0889, "f1": 0.2384, "avg_tokens": 15861.9, "wall_s": 423.5}
{"done": 50, "n": 100, "em": 0.08, "f1": 0.2146, "avg_tokens": 16398.0, "wall_s": 448.1}
{"done": 55, "n": 100, "em": 0.0727, "f1": 0.202, "avg_tokens": 16906.0, "wall_s": 464.6}
{"done": 60, "n": 100, "em": 0.0833, "f1": 0.2102, "avg_tokens": 17385.2, "wall_s": 526.5}
{"done": 65, "n": 100, "em": 0.0923, "f1": 0.2136, "avg_tokens": 17334.0, "wall_s": 536.2}
{"done": 70, "n": 100, "em": 0.1, "f1": 0.2167, "avg_tokens": 17864.6, "wall_s": 547.7}
{"done": 75, "n": 100, "em": 0.0933, "f1": 0.2232, "avg_tokens": 17716.9, "wall_s": 584.5}
{"done": 80, "n": 100, "em": 0.1125, "f1": 0.2342, "avg_tokens": 17597.0, "wall_s": 614.1}
{"done": 85, "n": 100, "em": 0.1176, "f1": 0.241, "avg_tokens": 17264.3, "wall_s": 643.8}
{"done": 90, "n": 100, "em": 0.1111, "f1": 0.2276, "avg_tokens": 17599.5, "wall_s": 688.2}
{"done": 95, "n": 100, "em": 0.1053, "f1": 0.2157, "avg_tokens": 17592.8, "wall_s": 734.2}
{"done": 100, "n": 100, "em": 0.1, "f1": 0.2082, "avg_tokens": 18396.8, "wall_s": 826.3}

SUMMARY: {
  "n": 100,
  "em": 0.1,
  "f1": 0.2082,
  "acc": 0.15,
  "avg_tokens": 18396.8,
  "avg_rounds": 1.33,
  "avg_wall_s": 141.02,
  "wall_clock_s": 826.33,
  "error_count": 0,
  "config": {
    "width": 4,
    "max_depth": 2,
    "topk": 6,
    "concurrency": 20
  }
}
