{"done": 5, "n": 100, "em": 0.4, "f1": 0.54, "avg_tokens": 10113.2, "wall_s": 66.2}
{"done": 10, "n": 100, "em": 0.3, "f1": 0.4033, "avg_tokens": 11192.9, "wall_s": 90.7}
{"done": 15, "n": 100, "em": 0.3333, "f1": 0.4022, "avg_tokens": 10891.5, "wall_s": 137.7}
{"done": 20, "n": 100, "em": 0.35, "f1": 0.4667, "avg_tokens": 11629.8, "wall_s": 173.0}
{"done": 25, "n": 100, "em": 0.36, "f1": 0.4533, "avg_tokens": 12149.3, "wall_s": 216.7}
{"done": 30, "n": 100, "em": 0.3667, "f1": 0.4822, "avg_tokens": 13852.4, "wall_s": 240.9}
{"done": 35, "n": 100, "em": 0.3429, "f1": 0.4705, "avg_tokens": 13231.7, "wall_s": 273.7}
{"done": 40, "n": 100, "em": 0.35, "f1": 0.4912, "avg_tokens": 13104.4, "wall_s": 360.6}
{"done": 45, "n": 100, "em": 0.3556, "f1": 0.4959, "avg_tokens": 13398.8, "wall_s": 400.7}
{"done": 50, "n": 100, "em": 0.38, "f1": 0.5063, "avg_tokens": 13126.4, "wall_s": 491.4}
{"done": 55, "n": 100, "em": 0.4, "f1": 0.536, "avg_tokens": 14808.1, "wall_s": 738.7}
{"done": 60, "n": 100, "em": 0.3667, "f1": 0.4914, "avg_tokens": 19963.1, "wall_s": 826.3}
{"done": 65, "n": 100, "em": 0.3538, "f1": 0.469, "avg_tokens": 19669.0, "wall_s": 916.4}
{"done": 70, "n": 100, "em": 0.3714, "f1": 0.4819, "avg_tokens": 19527.8, "wall_s": 984.1}
{"done": 75, "n": 100, "em": 0.4, "f1": 0.5031, "avg_tokens": 20664.2, "wall_s": 1031.4}
{"done": 80, "n": 100, "em": 0.3875, "f1": 0.4941, "avg_tokens": 21494.5, "wall_s": 1088.3}
{"done": 85, "n": 100, "em": 0.3765, "f1": 0.4768, "avg_tokens": 23514.2, "wall_s": 1121.4}
{"done": 90, "n": 100, "em": 0.3889, "f1": 0.4892, "avg_tokens": 24444.6, "wall_s": 1164.9}
{"done": 95, "n": 100, "em": 0.4, "f1": 0.5067, "avg_tokens": 23735.5, "wall_s": 1216.1}
{"done": 100, "n": 100, "em": 0.39, "f1": 0.4958, "avg_tokens": 27005.7, "wall_s": 1680.7}

SUMMARY: {
  "n": 100,
  "em": 0.39,
  "f1": 0.4958,
  "acc": 0.46,
  "avg_tokens": 27005.7,
  "avg_rounds": 1.75,
  "avg_wall_s": 134.87,
  "wall_clock_s": 1680.69,
  "error_count": 0,
  "config": {
    "width": 4,
    "max_depth": 6,
    "topk": 6,
    "concurrency": 10
  }
}
