{"done": 5, "n": 100, "em": 0.4, "f1": 0.5, "avg_tokens": 10697.2, "wall_s": 68.2}
{"done": 10, "n": 100, "em": 0.3, "f1": 0.3833, "avg_tokens": 10607.7, "wall_s": 88.3}
{"done": 15, "n": 100, "em": 0.2667, "f1": 0.4089, "avg_tokens": 10808.0, "wall_s": 136.9}
{"done": 20, "n": 100, "em": 0.3, "f1": 0.4167, "avg_tokens": 12265.1, "wall_s": 188.2}
{"done": 25, "n": 100, "em": 0.28, "f1": 0.3733, "avg_tokens": 11905.1, "wall_s": 209.8}
{"done": 30, "n": 100, "em": 0.3, "f1": 0.3989, "avg_tokens": 13779.0, "wall_s": 246.0}
{"done": 35, "n": 100, "em": 0.2857, "f1": 0.4133, "avg_tokens": 13251.1, "wall_s": 275.6}
{"done": 40, "n": 100, "em": 0.3, "f1": 0.4329, "avg_tokens": 13030.0, "wall_s": 337.0}
{"done": 45, "n": 100, "em": 0.3111, "f1": 0.4514, "avg_tokens": 12822.8, "wall_s": 385.0}
{"done": 50, "n": 100, "em": 0.32, "f1": 0.4463, "avg_tokens": 14191.2, "wall_s": 446.7}
{"done": 55, "n": 100, "em": 0.3455, "f1": 0.4603, "avg_tokens": 15090.1, "wall_s": 519.4}
{"done": 60, "n": 100, "em": 0.3167, "f1": 0.4398, "avg_tokens": 16276.8, "wall_s": 607.8}
{"done": 65, "n": 100, "em": 0.3077, "f1": 0.4213, "avg_tokens": 17068.1, "wall_s": 661.6}
{"done": 70, "n": 100, "em": 0.3143, "f1": 0.4234, "avg_tokens": 17107.4, "wall_s": 747.1}
{"done": 75, "n": 100, "em": 0.3333, "f1": 0.4352, "avg_tokens": 16974.6, "wall_s": 790.7}
{"done": 80, "n": 100, "em": 0.3375, "f1": 0.443, "avg_tokens": 17694.4, "wall_s": 831.1}
{"done": 85, "n": 100, "em": 0.3294, "f1": 0.4345, "avg_tokens": 18967.6, "wall_s": 875.3}
{"done": 90, "n": 100, "em": 0.3333, "f1": 0.4419, "avg_tokens": 19304.0, "wall_s": 887.3}
{"done": 95, "n": 100, "em": 0.3263, "f1": 0.4408, "avg_tokens": 19191.0, "wall_s": 925.3}
{"done": 100, "n": 100, "em": 0.34, "f1": 0.4521, "avg_tokens": 20221.2, "wall_s": 1204.2}

SUMMARY: {
  "n": 100,
  "em": 0.34,
  "f1": 0.4521,
  "acc": 0.42,
  "avg_tokens": 20221.2,
  "avg_rounds": 1.46,
  "avg_wall_s": 98.4,
  "wall_clock_s": 1204.23,
  "error_count": 0,
  "config": {
    "width": 4,
    "max_depth": 4,
    "topk": 6,
    "concurrency": 10
  }
}
