{"done": 5, "n": 100, "em": 0.4, "f1": 0.5667, "avg_tokens": 10545.6, "wall_s": 116.8}
{"done": 10, "n": 100, "em": 0.5, "f1": 0.5833, "avg_tokens": 11497.9, "wall_s": 143.9}
{"done": 15, "n": 100, "em": 0.5333, "f1": 0.5889, "avg_tokens": 14302.1, "wall_s": 162.7}
{"done": 20, "n": 100, "em": 0.4, "f1": 0.5222, "avg_tokens": 15517.0, "wall_s": 213.0}
{"done": 25, "n": 100, "em": 0.44, "f1": 0.5378, "avg_tokens": 15317.3, "wall_s": 269.5}
{"done": 30, "n": 100, "em": 0.4333, "f1": 0.5259, "avg_tokens": 15450.8, "wall_s": 355.6}
{"done": 35, "n": 100, "em": 0.3714, "f1": 0.4671, "avg_tokens": 16318.0, "wall_s": 423.6}
{"done": 40, "n": 100, "em": 0.375, "f1": 0.4587, "avg_tokens": 17899.1, "wall_s": 494.1}
{"done": 45, "n": 100, "em": 0.4, "f1": 0.4744, "avg_tokens": 17407.3, "wall_s": 601.5}
{"done": 50, "n": 100, "em": 0.42, "f1": 0.507, "avg_tokens": 20030.7, "wall_s": 762.5}
{"done": 55, "n": 100, "em": 0.4182, "f1": 0.5063, "avg_tokens": 19706.6, "wall_s": 840.2}
{"done": 60, "n": 100, "em": 0.4, "f1": 0.4988, "avg_tokens": 19722.4, "wall_s": 967.8}
{"done": 65, "n": 100, "em": 0.4, "f1": 0.5097, "avg_tokens": 20427.9, "wall_s": 1114.9}
{"done": 70, "n": 100, "em": 0.4, "f1": 0.5018, "avg_tokens": 26372.6, "wall_s": 1296.4}
{"done": 75, "n": 100, "em": 0.4, "f1": 0.5084, "avg_tokens": 29666.4, "wall_s": 1342.4}
{"done": 80, "n": 100, "em": 0.3875, "f1": 0.4891, "avg_tokens": 32363.6, "wall_s": 1394.9}
{"done": 85, "n": 100, "em": 0.3882, "f1": 0.4839, "avg_tokens": 33828.7, "wall_s": 1429.4}
{"done": 90, "n": 100, "em": 0.3889, "f1": 0.4875, "avg_tokens": 34834.5, "wall_s": 1530.0}
{"done": 95, "n": 100, "em": 0.4, "f1": 0.4934, "avg_tokens": 39901.3, "wall_s": 1564.7}
{"done": 100, "n": 100, "em": 0.4, "f1": 0.4954, "avg_tokens": 46151.4, "wall_s": 1973.7}

SUMMARY: {
  "n": 100,
  "em": 0.4,
  "f1": 0.4954,
  "acc": 0.5,
  "avg_tokens": 46151.4,
  "avg_rounds": 2.66,
  "avg_wall_s": 315.21,
  "wall_clock_s": 1973.67,
  "error_count": 1,
  "config": {
    "width": 4,
    "max_depth": 8,
    "topk": 6,
    "concurrency": 20
  }
}
